-- inet check
CREATE TABLE inettmp (a inet);
\copy inettmp from 'data/inet.data'
SET enable_seqscan=on;
SELECT count(*) FROM inettmp WHERE a <  '89.225.196.191';
 count 
-------
   213
(1 row)

SELECT count(*) FROM inettmp WHERE a <= '89.225.196.191';
 count 
-------
   214
(1 row)

SELECT count(*) FROM inettmp WHERE a  = '89.225.196.191';
 count 
-------
     1
(1 row)

SELECT count(*) FROM inettmp WHERE a >= '89.225.196.191';
 count 
-------
   387
(1 row)

SELECT count(*) FROM inettmp WHERE a >  '89.225.196.191';
 count 
-------
   386
(1 row)

CREATE INDEX inetidx ON inettmp USING gist ( a );
SET enable_seqscan=off;
SELECT count(*) FROM inettmp WHERE a <  '89.225.196.191'::inet;
 count 
-------
   213
(1 row)

SELECT count(*) FROM inettmp WHERE a <= '89.225.196.191'::inet;
 count 
-------
   214
(1 row)

SELECT count(*) FROM inettmp WHERE a  = '89.225.196.191'::inet;
 count 
-------
     1
(1 row)

SELECT count(*) FROM inettmp WHERE a >= '89.225.196.191'::inet;
 count 
-------
   387
(1 row)

SELECT count(*) FROM inettmp WHERE a >  '89.225.196.191'::inet;
 count 
-------
   386
(1 row)

VACUUM inettmp;
-- gist_inet_ops lacks a fetch function, so this should not be index-only scan
EXPLAIN (COSTS OFF)
SELECT count(*) FROM inettmp WHERE a  = '89.225.196.191'::inet;
                       QUERY PLAN                       
--------------------------------------------------------
 Aggregate
   ->  Bitmap Heap Scan on inettmp
         Recheck Cond: (a = '89.225.196.191'::inet)
         ->  Bitmap Index Scan on inetidx
               Index Cond: (a = '89.225.196.191'::inet)
(5 rows)

SELECT count(*) FROM inettmp WHERE a  = '89.225.196.191'::inet;
 count 
-------
     1
(1 row)

DROP INDEX inetidx;
CREATE INDEX ON inettmp USING gist (a gist_inet_ops, a inet_ops);
-- likewise here (checks for core planner bug)
EXPLAIN (COSTS OFF)
SELECT count(*) FROM inettmp WHERE a  = '89.225.196.191'::inet;
                       QUERY PLAN                       
--------------------------------------------------------
 Aggregate
   ->  Bitmap Heap Scan on inettmp
         Recheck Cond: (a = '89.225.196.191'::inet)
         ->  Bitmap Index Scan on inettmp_a_a1_idx
               Index Cond: (a = '89.225.196.191'::inet)
(5 rows)

SELECT count(*) FROM inettmp WHERE a  = '89.225.196.191'::inet;
 count 
-------
     1
(1 row)

