-- char check
CREATE TABLE vchartmp (a varchar(32));
\copy vchartmp from 'data/char.data'
SET enable_seqscan=on;
SELECT count(*) FROM vchartmp WHERE a <   '31b0'::varchar(32);
 count 
-------
   587
(1 row)

SELECT count(*) FROM vchartmp WHERE a <=  '31b0'::varchar(32);
 count 
-------
   588
(1 row)

SELECT count(*) FROM vchartmp WHERE a  =  '31b0'::varchar(32);
 count 
-------
     1
(1 row)

SELECT count(*) FROM vchartmp WHERE a >=  '31b0'::varchar(32);
 count 
-------
   401
(1 row)

SELECT count(*) FROM vchartmp WHERE a >   '31b0'::varchar(32);
 count 
-------
   400
(1 row)

SET client_min_messages = DEBUG1;
CREATE INDEX vcharidx ON vchartmp USING GIST ( text(a) );
DEBUG:  building index "vcharidx" on table "vchartmp" serially
DEBUG:  using sorted GiST build
CREATE INDEX vcharidx_b ON vchartmp USING GIST ( text(a) ) WITH (buffering=on);
DEBUG:  building index "vcharidx_b" on table "vchartmp" serially
DROP INDEX vcharidx_b;
RESET client_min_messages;
SET enable_seqscan=off;
SELECT count(*) FROM vchartmp WHERE a <   '31b0'::varchar(32);
 count 
-------
   587
(1 row)

SELECT count(*) FROM vchartmp WHERE a <=  '31b0'::varchar(32);
 count 
-------
   588
(1 row)

SELECT count(*) FROM vchartmp WHERE a  =  '31b0'::varchar(32);
 count 
-------
     1
(1 row)

SELECT count(*) FROM vchartmp WHERE a >=  '31b0'::varchar(32);
 count 
-------
   401
(1 row)

SELECT count(*) FROM vchartmp WHERE a >   '31b0'::varchar(32);
 count 
-------
   400
(1 row)

