\set tde_am tde_heap
\i sql/subtransaction.inc
CREATE EXTENSION pg_tde;
SELECT pg_tde_add_key_provider_file('file-vault','/tmp/pg_tde_test_keyring.per');
 pg_tde_add_key_provider_file 
------------------------------
                            1
(1 row)

SELECT pg_tde_set_principal_key('test-db-principal-key','file-vault');
 pg_tde_set_principal_key 
--------------------------
 t
(1 row)

BEGIN;                      -- Nesting level 1
SAVEPOINT sp;
CREATE TABLE foo(s TEXT);   -- Nesting level 2
RELEASE SAVEPOINT sp;
SAVEPOINT sp;
CREATE TABLE bar(s TEXT);   -- Nesting level 2
ROLLBACK TO sp;             -- Rollback should not affect first subtransaction
COMMIT;
BEGIN;                      -- Nesting level 1
SAVEPOINT sp;
DROP TABLE foo;             -- Nesting level 2
RELEASE SAVEPOINT sp;
SAVEPOINT sp;
CREATE TABLE bar(s TEXT);   -- Nesting level 2
ROLLBACK TO sp;             -- Rollback should not affect first subtransaction
COMMIT;
DROP EXTENSION pg_tde;
