--
-- PGP Public Key Encryption
--
-- As most of the low-level stuff is tested in symmetric key
-- tests, here's only public-key specific tests
create table keytbl (
	id int4,
	name text,
	pubkey text,
	seckey text
);
create table encdata (
	id int4,
	data text
);
insert into keytbl (id, name, pubkey, seckey)
values (1, 'elg1024', '
-----BEGIN PGP PUBLIC KEY BLOCK-----
Version: GnuPG v1.4.1 (GNU/Linux)

mQGiBELIIUgRBACp401L6jXrLB28c3YA4sM3OJKnxM1GT9YTkWyE3Vyte65H8WU9
tGPBX7OMuaX5eGZ84LFUGvaP0k7anfmXcDkCO3P9GgL+ro/dS2Ps/vChQPZqHaxE
xpKDUt47B7DGdRJrC8DRnIR4wbSyQA6ma3S1yFqC5pJhSs+mqf9eExOjiwCgntth
klRxIYw352ZX9Ov9oht/p/ED/1Xi4PS+tkXVvyIw5aZfa61bT6XvDkoPI0Aj3GE5
YmCHJlKA/IhEr8QJOLV++5VEv4l6KQ1/DFoJzoNdr1AGJukgTc6X/WcQRzfQtUic
PHQme5oAWoHa6bVQZOwvbJh3mOXDq/Tk/KF22go8maM44vMn4bvv+SBbslviYLiL
jZJ1A/9JXF1esNq+X9HehJyqHHU7LEEf/ck6zC7o2erM3/LZlZuLNPD2cv3oL3Nv
saEgcTSZl+8XmO8pLmzjKIb+hi70qVx3t2IhMqbb4B/dMY1Ck62gPBKa81/Wwi7v
IsEBQLEtyBmGmI64YpzoRNFeaaF9JY+sAKqROqe6dLjJ7vebQLQfRWxnYW1hbCAx
MDI0IDx0ZXN0QGV4YW1wbGUub3JnPoheBBMRAgAeBQJCyCFIAhsDBgsJCAcDAgMV
AgMDFgIBAh4BAheAAAoJEBwpvA0YF3NkOtsAniI9W2bC3CxARTpYrev7ihreDzFc
AJ9WYLQxDQAi5Ec9AQoodPkIagzZ4LkBDQRCyCFKEAQAh5SNbbJMAsJ+sQbcWEzd
ku8AdYB5zY7Qyf9EOvn0g39bzANhxmmb6gbRlQN0ioymlDwraTKUAfuCZgNcg/0P
sxFGb9nDcvjIV8qdVpnq1PuzMFuBbmGI6weg7Pj01dlPiO0wt1lLX+SubktqbYxI
+h31c3RDZqxj+KAgxR8YNGMAAwYD+wQs2He1Z5+p4OSgMERiNzF0acZUYmc0e+/9
6gfL0ft3IP+SSFo6hEBrkKVhZKoPSSRr5KpNaEobhdxsnKjUaw/qyoaFcNMzb4sF
k8wq5UlCkR+h72u6hv8FuleCV8SJUT1U2JjtlXJR2Pey9ifh8rZfu57UbdwdHa0v
iWc4DilhiEkEGBECAAkFAkLIIUoCGwwACgkQHCm8DRgXc2TtrwCfdPom+HlNVE9F
ig3hGY1Rb4NEk1gAn1u9IuQB+BgDP40YHHz6bKWS/x80
=RWci
-----END PGP PUBLIC KEY BLOCK-----
', '
-----BEGIN PGP PRIVATE KEY BLOCK-----
Version: GnuPG v1.4.1 (GNU/Linux)

lQG7BELIIUgRBACp401L6jXrLB28c3YA4sM3OJKnxM1GT9YTkWyE3Vyte65H8WU9
tGPBX7OMuaX5eGZ84LFUGvaP0k7anfmXcDkCO3P9GgL+ro/dS2Ps/vChQPZqHaxE
xpKDUt47B7DGdRJrC8DRnIR4wbSyQA6ma3S1yFqC5pJhSs+mqf9eExOjiwCgntth
klRxIYw352ZX9Ov9oht/p/ED/1Xi4PS+tkXVvyIw5aZfa61bT6XvDkoPI0Aj3GE5
YmCHJlKA/IhEr8QJOLV++5VEv4l6KQ1/DFoJzoNdr1AGJukgTc6X/WcQRzfQtUic
PHQme5oAWoHa6bVQZOwvbJh3mOXDq/Tk/KF22go8maM44vMn4bvv+SBbslviYLiL
jZJ1A/9JXF1esNq+X9HehJyqHHU7LEEf/ck6zC7o2erM3/LZlZuLNPD2cv3oL3Nv
saEgcTSZl+8XmO8pLmzjKIb+hi70qVx3t2IhMqbb4B/dMY1Ck62gPBKa81/Wwi7v
IsEBQLEtyBmGmI64YpzoRNFeaaF9JY+sAKqROqe6dLjJ7vebQAAAnj4i4st+s+C6
WKTIDcL1Iy0Saq8lCp60H0VsZ2FtYWwgMTAyNCA8dGVzdEBleGFtcGxlLm9yZz6I
XgQTEQIAHgUCQsghSAIbAwYLCQgHAwIDFQIDAxYCAQIeAQIXgAAKCRAcKbwNGBdz
ZDrbAJ9cp6AsjOhiLxwznsMJheGf4xkH8wCfUPjMCLm4tAEnyYn2hDNt7CB8B6Kd
ATEEQsghShAEAIeUjW2yTALCfrEG3FhM3ZLvAHWAec2O0Mn/RDr59IN/W8wDYcZp
m+oG0ZUDdIqMppQ8K2kylAH7gmYDXIP9D7MRRm/Zw3L4yFfKnVaZ6tT7szBbgW5h
iOsHoOz49NXZT4jtMLdZS1/krm5Lam2MSPod9XN0Q2asY/igIMUfGDRjAAMGA/sE
LNh3tWefqeDkoDBEYjcxdGnGVGJnNHvv/eoHy9H7dyD/kkhaOoRAa5ClYWSqD0kk
a+SqTWhKG4XcbJyo1GsP6sqGhXDTM2+LBZPMKuVJQpEfoe9ruob/BbpXglfEiVE9
VNiY7ZVyUdj3svYn4fK2X7ue1G3cHR2tL4lnOA4pYQAA9030E4u2ZKOfJBpUM+EM
m9VmsGjaQZV4teB0R/q3W8sRIYhJBBgRAgAJBQJCyCFKAhsMAAoJEBwpvA0YF3Nk
7a8AniFFotw1x2X+oryu3Q3nNtmxoKHpAJ9HU7jw7ydg33dI9J8gVkrmsSZ2/w==
=nvqq
-----END PGP PRIVATE KEY BLOCK-----
');
insert into keytbl (id, name, pubkey, seckey)
values (2, 'elg2048', '
-----BEGIN PGP PUBLIC KEY BLOCK-----
Version: GnuPG v1.4.1 (GNU/Linux)

mQGiBELIIgoRBAC1onBpxKYgDvrgCaUWPY34947X3ogxGOfCN0p6Eqrx+2PUhm4n
vFvmczpMT4iDc0mUO+iwnwsEkXQI1eC99g8c0jnZAvzJZ5miAHL8hukMAMfDkYke
5aVvcPPc8uPDlItpszGmH0rM0V9TIt/i9QEXetpyNWhk4jj5qnohYhLeZwCgkOdO
RFAdNi4vfFPivvtAp2ffjU8D/R3x/UJCvkzi7i9rQHGo313xxmQu5BuqIjANBUij
8IE7LRPI/Qhg2hYy3sTJwImDi7VkS+fuvNVk0d6MTWplAXYU96bn12JaD21R9sKl
Fzcc+0iZI1wYA1PczisUkoTISE+dQFUsoGHfpDLhoBuesXQrhBavI8t8VPd+nkdt
J+oKA/9iRQ87FzxdYTkh2drrv69FZHc3Frsjw9nPcBq/voAvXH0MRilqyCg7HpW/
T9naeOERksa+Rj4R57IF1l4e5oiiGJo9QmaKZcsCsXrREJCycrlEtMqXfSPy+bi5
0yDZE/Qm1dwu13+OXOsRvkoNYjO8Mzo9K8wU12hMqN0a2bu6a7QjRWxnYW1hbCAy
MDQ4IDx0ZXN0MjA0OEBleGFtcGxlLm9yZz6IXgQTEQIAHgUCQsgiCgIbAwYLCQgH
AwIDFQIDAxYCAQIeAQIXgAAKCRBI6c1W/qZo29PDAKCG724enIxRog1j+aeCp/uq
or6mbwCePuKy2/1kD1FvnhkZ/R5fpm+pdm25Ag0EQsgiIhAIAJI3Gb2Ehtz1taQ9
AhPY4Avad2BsqD3S5X/R11Cm0KBE/04D29dxn3f8QfxDsexYvNIZjoJPBqqZ7iMX
MhoWyw8ZF5Zs1mLIjFGVorePrm94N3MNPWM7x9M36bHUjx0vCZKFIhcGY1g+htE/
QweaJzNVeA5z4qZmik41FbQyQSyHa3bOkTZu++/U6ghP+iDp5UDBjMTkVyqITUVN
gC+MR+da/I60irBVhue7younh4ovF+CrVDQJC06HZl6CAJJyA81SmRfi+dmKbbjZ
LF6rhz0norPjISJvkIqvdtM4VPBKI5wpgwCzpEqjuiKrAVujRT68zvBvJ4aVqb11
k5QdJscAAwUH/jVJh0HbWAoiFTe+NvohfrA8vPcD0rtU3Y+siiqrabotnxJd2NuC
bxghJYGfNtnx0KDjFbCRKJVeTFok4UnuVYhXdH/c6i0/rCTNdeW2D6pmR4GfBozR
Pw/ARf+jONawGLyUj7uq13iquwMSE7VyNuF3ycL2OxXjgOWMjkH8c+zfHHpjaZ0R
QsetMq/iNBWraayKZnWUd+eQqNzE+NUo7w1jAu7oDpy+8a1eipxzK+O0HfU5LTiF
Z1Oe4Um0P2l3Xtx8nEgj4vSeoEkl2qunfGW00ZMMTCWabg0ZgxPzMfMeIcm6525A
Yn2qL+X/qBJTInAl7/hgPz2D1Yd7d5/RdWaISQQYEQIACQUCQsgiIgIbDAAKCRBI
6c1W/qZo25ZSAJ98WTrtl2HiX8ZqZq95v1+9cHtZPQCfZDoWQPybkNescLmXC7q5
1kNTmEU=
=8QM5
-----END PGP PUBLIC KEY BLOCK-----
', '
-----BEGIN PGP PRIVATE KEY BLOCK-----
Version: GnuPG v1.4.1 (GNU/Linux)

lQG7BELIIgoRBAC1onBpxKYgDvrgCaUWPY34947X3ogxGOfCN0p6Eqrx+2PUhm4n
vFvmczpMT4iDc0mUO+iwnwsEkXQI1eC99g8c0jnZAvzJZ5miAHL8hukMAMfDkYke
5aVvcPPc8uPDlItpszGmH0rM0V9TIt/i9QEXetpyNWhk4jj5qnohYhLeZwCgkOdO
RFAdNi4vfFPivvtAp2ffjU8D/R3x/UJCvkzi7i9rQHGo313xxmQu5BuqIjANBUij
8IE7LRPI/Qhg2hYy3sTJwImDi7VkS+fuvNVk0d6MTWplAXYU96bn12JaD21R9sKl
Fzcc+0iZI1wYA1PczisUkoTISE+dQFUsoGHfpDLhoBuesXQrhBavI8t8VPd+nkdt
J+oKA/9iRQ87FzxdYTkh2drrv69FZHc3Frsjw9nPcBq/voAvXH0MRilqyCg7HpW/
T9naeOERksa+Rj4R57IF1l4e5oiiGJo9QmaKZcsCsXrREJCycrlEtMqXfSPy+bi5
0yDZE/Qm1dwu13+OXOsRvkoNYjO8Mzo9K8wU12hMqN0a2bu6awAAn2F+iNBElfJS
8azqO/kEiIfpqu6/DQG0I0VsZ2FtYWwgMjA0OCA8dGVzdDIwNDhAZXhhbXBsZS5v
cmc+iF0EExECAB4FAkLIIgoCGwMGCwkIBwMCAxUCAwMWAgECHgECF4AACgkQSOnN
Vv6maNvTwwCYkpcJmpl3aHCQdGomz7dFohDgjgCgiThZt2xTEi6GhBB1vuhk+f55
n3+dAj0EQsgiIhAIAJI3Gb2Ehtz1taQ9AhPY4Avad2BsqD3S5X/R11Cm0KBE/04D
29dxn3f8QfxDsexYvNIZjoJPBqqZ7iMXMhoWyw8ZF5Zs1mLIjFGVorePrm94N3MN
PWM7x9M36bHUjx0vCZKFIhcGY1g+htE/QweaJzNVeA5z4qZmik41FbQyQSyHa3bO
kTZu++/U6ghP+iDp5UDBjMTkVyqITUVNgC+MR+da/I60irBVhue7younh4ovF+Cr
VDQJC06HZl6CAJJyA81SmRfi+dmKbbjZLF6rhz0norPjISJvkIqvdtM4VPBKI5wp
gwCzpEqjuiKrAVujRT68zvBvJ4aVqb11k5QdJscAAwUH/jVJh0HbWAoiFTe+Nvoh
frA8vPcD0rtU3Y+siiqrabotnxJd2NuCbxghJYGfNtnx0KDjFbCRKJVeTFok4Unu
VYhXdH/c6i0/rCTNdeW2D6pmR4GfBozRPw/ARf+jONawGLyUj7uq13iquwMSE7Vy
NuF3ycL2OxXjgOWMjkH8c+zfHHpjaZ0RQsetMq/iNBWraayKZnWUd+eQqNzE+NUo
7w1jAu7oDpy+8a1eipxzK+O0HfU5LTiFZ1Oe4Um0P2l3Xtx8nEgj4vSeoEkl2qun
fGW00ZMMTCWabg0ZgxPzMfMeIcm6525AYn2qL+X/qBJTInAl7/hgPz2D1Yd7d5/R
dWYAAVQKFPXbRaxbdArwRVXMzSD3qj/+VwwhwEDt8zmBGnlBfwVdkjQQrDUMmV1S
EwyISQQYEQIACQUCQsgiIgIbDAAKCRBI6c1W/qZo25ZSAJ4sgUfHTVsG/x3p3fcM
3b5R86qKEACggYKSwPWCs0YVRHOWqZY0pnHtLH8=
=3Dgk
-----END PGP PRIVATE KEY BLOCK-----
');
insert into keytbl (id, name, pubkey, seckey)
values (3, 'elg4096', '
-----BEGIN PGP PUBLIC KEY BLOCK-----
Version: GnuPG v1.4.1 (GNU/Linux)

mQGiBELII7wRBACFuaAvb11cIvjJK9LkZr4cYuYhLWh3DJdojNNnLNiym5OEksvY
05cw8OgqKtPzICU7o/mHXTWhzJYUt3i50/AeYygI8Q0uATS6RnDAKNlES1EMoHKz
2a5iFbYs4bm4IwlkvYd8uWjcu+U0YLbxir39u+anIc6eT+q3WiH/q3zDRwCgkT98
cnIG8iO8PdwDSP8G4Lt6TYED/R45GvCzJ4onQALLE92KkLUz8aFWSl05r84kczEN
SxiP9Ss6m465RmwWHfwYAu4b+c4GeNyU8fIU2EM8cezchC+edEi3xu1s+pCV0Dk4
18DGC8WKCICO30vBynuNmYg7W/7Zd4wtjss454fMW7+idVDNM701mmXBtI1nsBtG
7Z4tA/9FxjFbJK9jh24RewfjHpLYqcfCo2SsUjOwsnMZ5yg2yv9KyVVQhRqwmrqt
q8MRyjGmfoD9PPdCgvqgzy0hHvAHUtTm2zUczGTG+0g4hNIklxC/Mv6J4KE+NWTh
uB4acqofHyaw2WnKOuRUsoDi6rG5AyjNMyAK/vVcEGj7J1tk27QjRWxnYW1hbCA0
MDk2IDx0ZXN0NDA5NkBleGFtcGxlLm9yZz6IXgQTEQIAHgUCQsgjvAIbAwYLCQgH
AwIDFQIDAxYCAQIeAQIXgAAKCRBj+HX2P2d0oAEDAJ9lI+CNmb42z3+a6TnVusM6
FI7oLwCfUwA1zEcRdsT3nIkoYh0iKxFSDFW5BA0EQsgkdhAQAJQbLXlgcJ/jq+Xh
Eujb77/eeftFJObNIRYD9fmJ7HFIXbUcknEpbs+cRH/nrj5dGSY3OT3jCXOUtvec
sCoX/CpZWL0oqDjAiZtNSFiulw5Gav4gHYkWKgKdSo+2rkavEPqKIVHvMeXaJtGT
d7v/AmL/P8T7gls93o5WFBOLtPbDvWqaKRy2U5TAhl1laiM0vGALRVjvSCgnGw9g
FpSnXbO3AfenUSjDzZujfGLHtU44ixHSS/D4DepiF3YaYLsN4CBqZRv6FbMZD5W3
DnJY4kS1kH0MzdcF19TlcZ3itTCcGIt1tMKf84mccPoqdMzH7vumBGTeFEly5Afp
9berJcirqh2fzlunN0GS02z6SGWnjTbDlkNDxuxPSBbpcpNyD3jpYAUqSwRsZ/+5
zkzcbGtDmvy9sJ5lAXkxGoIoQ1tEVX/LOHnh2NQHK8ourVOnr7MS0nozssITZJ5E
XqtHiREjiYEuPyZiVZKJHLWuYYaF+n40znnz3sJuXFRreHhHbbvRdlYUU5mJV+XZ
BLgKuS33NdpGeMIngnCc/9IQ6OZb6ixc94kbkd3w2PVr8CbKlu/IHTjWOO2mAo+D
+OydlYl23FiM3KOyMP1HcEOJMB/nwkMtrvd+522Lu9n77ktKfot9IPrQDIQTyXjR
3pCOFtCOBnk2tJHMPoG9jn9ah/LHAAMHEACDZ5I/MHGfmiKg2hrmqBu2J2j/deC8
CpwcyDH1ovQ0gHvb9ESa+CVRU2Wdy2CD7Q9SmtMverB5eneL418iPVRcQdwRmQ2y
IH4udlBa6ce9HTUCaecAZ4/tYBnaC0Av/9l9tz14eYcwRMDpB+bnkhgF+PZ1KAfD
9wcY2aHbtsf3lZBc5h4owPJkxpe/BNzuJxW3q4VpSbLsZhwnCZ2wg7DRwP44wFIk
00ptmoBY59gsU6I40XtzrF8JDr0cA57xND5RY21Z8lnnYRE1Tc8h5REps9ZIxW3/
yl91404bPLqxczpUHQAMSTAmBaStPYX1nS51uofOhLs5SKPCUmxfGKIOhsD0oLUn
78DnkONVGeXzBibSwwtbgfMzee4G8wSUfJ7w8WXz1TyanaGLnJ+DuKASSOrFoBCD
HEDuWZWgSL74NOQupFRk0gxOPmqU94Y8HziQWma/cETbmD83q8rxN+GM2oBxQkQG
xcbqMTHE7aVhV3tymbSWVaYhww3oIwsZS9oUIi1DnPEowS6CpVRrwdvLjLJnJzzV
O3AFPn9eZ1Q7R1tNx+zZ4OOfhvI/OlRJ3HBx2L53embkbdY9gFYCCdTjPyjKoDIx
kALgCajjCYMNUsAKNSd6mMCQ8TtvukSzkZS1RGKP27ohsdnzIVsiEAbxDMMcI4k1
ul0LExUTCXSjeIhJBBgRAgAJBQJCyCR2AhsMAAoJEGP4dfY/Z3Sg19sAn0NDS8pb
qrMpQAxSb7zRTmcXEFd9AJ435H0ttP/NhLHXC9ezgbCMmpXMOQ==
=kRxT
-----END PGP PUBLIC KEY BLOCK-----
', '
-----BEGIN PGP PRIVATE KEY BLOCK-----
Version: GnuPG v1.4.1 (GNU/Linux)

lQG7BELII7wRBACFuaAvb11cIvjJK9LkZr4cYuYhLWh3DJdojNNnLNiym5OEksvY
05cw8OgqKtPzICU7o/mHXTWhzJYUt3i50/AeYygI8Q0uATS6RnDAKNlES1EMoHKz
2a5iFbYs4bm4IwlkvYd8uWjcu+U0YLbxir39u+anIc6eT+q3WiH/q3zDRwCgkT98
cnIG8iO8PdwDSP8G4Lt6TYED/R45GvCzJ4onQALLE92KkLUz8aFWSl05r84kczEN
SxiP9Ss6m465RmwWHfwYAu4b+c4GeNyU8fIU2EM8cezchC+edEi3xu1s+pCV0Dk4
18DGC8WKCICO30vBynuNmYg7W/7Zd4wtjss454fMW7+idVDNM701mmXBtI1nsBtG
7Z4tA/9FxjFbJK9jh24RewfjHpLYqcfCo2SsUjOwsnMZ5yg2yv9KyVVQhRqwmrqt
q8MRyjGmfoD9PPdCgvqgzy0hHvAHUtTm2zUczGTG+0g4hNIklxC/Mv6J4KE+NWTh
uB4acqofHyaw2WnKOuRUsoDi6rG5AyjNMyAK/vVcEGj7J1tk2wAAoJCUNy6awTkw
XfbLbpqh0fvDst7jDLa0I0VsZ2FtYWwgNDA5NiA8dGVzdDQwOTZAZXhhbXBsZS5v
cmc+iF4EExECAB4FAkLII7wCGwMGCwkIBwMCAxUCAwMWAgECHgECF4AACgkQY/h1
9j9ndKABAwCeNEOVK87EzXYbtxYBsnjrUI948NIAn2+f3BXiBFDV5NvqPwIZ0m77
Fwy4nQRMBELIJHYQEACUGy15YHCf46vl4RLo2++/3nn7RSTmzSEWA/X5iexxSF21
HJJxKW7PnER/564+XRkmNzk94wlzlLb3nLAqF/wqWVi9KKg4wImbTUhYrpcORmr+
IB2JFioCnUqPtq5GrxD6iiFR7zHl2ibRk3e7/wJi/z/E+4JbPd6OVhQTi7T2w71q
mikctlOUwIZdZWojNLxgC0VY70goJxsPYBaUp12ztwH3p1Eow82bo3xix7VOOIsR
0kvw+A3qYhd2GmC7DeAgamUb+hWzGQ+Vtw5yWOJEtZB9DM3XBdfU5XGd4rUwnBiL
dbTCn/OJnHD6KnTMx+77pgRk3hRJcuQH6fW3qyXIq6odn85bpzdBktNs+khlp402
w5ZDQ8bsT0gW6XKTcg946WAFKksEbGf/uc5M3GxrQ5r8vbCeZQF5MRqCKENbRFV/
yzh54djUByvKLq1Tp6+zEtJ6M7LCE2SeRF6rR4kRI4mBLj8mYlWSiRy1rmGGhfp+
NM55897CblxUa3h4R2270XZWFFOZiVfl2QS4Crkt9zXaRnjCJ4JwnP/SEOjmW+os
XPeJG5Hd8Nj1a/AmypbvyB041jjtpgKPg/jsnZWJdtxYjNyjsjD9R3BDiTAf58JD
La73fudti7vZ++5LSn6LfSD60AyEE8l40d6QjhbQjgZ5NrSRzD6BvY5/WofyxwAD
BxAAg2eSPzBxn5oioNoa5qgbtido/3XgvAqcHMgx9aL0NIB72/REmvglUVNlnctg
g+0PUprTL3qweXp3i+NfIj1UXEHcEZkNsiB+LnZQWunHvR01AmnnAGeP7WAZ2gtA
L//Zfbc9eHmHMETA6Qfm55IYBfj2dSgHw/cHGNmh27bH95WQXOYeKMDyZMaXvwTc
7icVt6uFaUmy7GYcJwmdsIOw0cD+OMBSJNNKbZqAWOfYLFOiONF7c6xfCQ69HAOe
8TQ+UWNtWfJZ52ERNU3PIeURKbPWSMVt/8pfdeNOGzy6sXM6VB0ADEkwJgWkrT2F
9Z0udbqHzoS7OUijwlJsXxiiDobA9KC1J+/A55DjVRnl8wYm0sMLW4HzM3nuBvME
lHye8PFl89U8mp2hi5yfg7igEkjqxaAQgxxA7lmVoEi++DTkLqRUZNIMTj5qlPeG
PB84kFpmv3BE25g/N6vK8TfhjNqAcUJEBsXG6jExxO2lYVd7cpm0llWmIcMN6CML
GUvaFCItQ5zxKMEugqVUa8Hby4yyZyc81TtwBT5/XmdUO0dbTcfs2eDjn4byPzpU
Sdxwcdi+d3pm5G3WPYBWAgnU4z8oyqAyMZAC4Amo4wmDDVLACjUnepjAkPE7b7pE
s5GUtURij9u6IbHZ8yFbIhAG8QzDHCOJNbpdCxMVEwl0o3gAAckBdfKuasiNUn5G
L5XRnSvaOFzftr8zteOlZChCSNvzH5k+i1j7RJbWq06OeKRywPzjfjgM2MvRzI43
ICeISQQYEQIACQUCQsgkdgIbDAAKCRBj+HX2P2d0oNfbAJ9+G3SeXrk+dWwo9EGi
hqMi2GVTsgCfeoQJPsc8FLYUgfymc/3xqAVLUtg=
=Gjq6
-----END PGP PRIVATE KEY BLOCK-----
');
insert into keytbl (id, name, pubkey, seckey)
values (4, 'rsa2048', '
-----BEGIN PGP PUBLIC KEY BLOCK-----
Version: GnuPG v1.4.1 (GNU/Linux)

mQELBELIJbEBCADAIdtcoLAmQfl8pb73pPRuEYx8qW9klLfCGG5A4OUOi00JHNwP
ZaABe1PGzjoeXrgM1MTQZhoZu1Vdg+KDI6XAtiy9P6bLg7ntsXksD4wBoIKtQKc2
55pdukxTiu+xeJJG2q8ZZPOp97CV9fbQ9vPCwgnuSsDCoQlibZikDVPAyVTvp7Jx
5rz8yXsl4sxvaeMZPqqFPtA/ENeQ3cpsyR1BQXSvoZpH1Fq0b8GcZTEdWWD/w6/K
MCRC8TmgEd+z3e8kIsCwFQ+TSHbCcxRWdgZE7gE31sJHHVkrZlXtLU8MPXWqslVz
R0cX+yC8j6bXI6/BqZ2SvRndJwuunRAr4um7AAYptB5SU0EgMjA0OCA8cnNhMjA0
OEBleGFtcGxlLm9yZz6JATQEEwECAB4FAkLIJbECGwMGCwkIBwMCAxUCAwMWAgEC
HgECF4AACgkQnc+OnJvTHyQqHwf8DtzuAGmObfe3ggtn14x2wnU1Nigebe1K5liR
nrLuVlLBpdO6CWmMUzfKRvyZlx54GlA9uUQSjW+RlgejdOTQqesDrcTEukYd4yzw
bLZyM5Gb3lsE/FEmE7Dxw/0Utf59uACqzG8LACQn9J6sEgZWKxAupuYTHXd12lDP
D3dnU4uzKPhMcjnSN00pzjusP7C9NZd3OLkAx2vw/dmb4Q+/QxeZhVYYsAUuR2hv
9bgGWopumlOkt8Zu5YG6+CtTbJXprPI7pJ1jHbeE+q/29hWJQtS8Abx82AcOkzhv
S3NZKoJ/1DrGgoDAu1mGkM4KvLAxfDs/qQ9dZhtEmDbKPLTVEA==
=lR4n
-----END PGP PUBLIC KEY BLOCK-----
', '
-----BEGIN PGP PRIVATE KEY BLOCK-----
Version: GnuPG v1.4.1 (GNU/Linux)

lQOWBELIJbEBCADAIdtcoLAmQfl8pb73pPRuEYx8qW9klLfCGG5A4OUOi00JHNwP
ZaABe1PGzjoeXrgM1MTQZhoZu1Vdg+KDI6XAtiy9P6bLg7ntsXksD4wBoIKtQKc2
55pdukxTiu+xeJJG2q8ZZPOp97CV9fbQ9vPCwgnuSsDCoQlibZikDVPAyVTvp7Jx
5rz8yXsl4sxvaeMZPqqFPtA/ENeQ3cpsyR1BQXSvoZpH1Fq0b8GcZTEdWWD/w6/K
MCRC8TmgEd+z3e8kIsCwFQ+TSHbCcxRWdgZE7gE31sJHHVkrZlXtLU8MPXWqslVz
R0cX+yC8j6bXI6/BqZ2SvRndJwuunRAr4um7AAYpAAf/QZsrrz0c7dgWwGqMIpw6
fP+/lLa74+fa2CFRWtYowEiKsfDg/wN7Ua07036dNhPa8aZPsU6SRzm5PybKOURe
D9pNt0FxJkX0j5pCWfjSJgTbc1rCdqZ/oyBk/U6pQtf//zfw3PbDl7I8TC6GOt2w
5NgcXdsWHP7LAmPctOVUyzFsenevR0MFTHkMbmKI1HpFm8XN/e1Fl+qIAD+OagTF
5B32VvpoJtkh5nxnIuToNJsa9Iy7F9MM2CeFOyTMihMcjXKBBUaAYoF115irBvqu
7N/qWmzqLg8yxBZ56mh6meCF3+67VA2y7fL8rhw2QuqgLg1JFlKAVL+9crCSrn//
GQQA1kT7FytW6BNOffblFYZkrJer3icoRDqa/ljgH/yVaWoVT1igy0E9XzYO7MwP
2usj/resLy0NC1qCthk51cZ/wthooMl88e5Wb4l5FYwBEac7muSBTo4W8cAH1hFj
TWL6XAGvEzGX3Mt9pn8uYGlQLZAhJoNCAU2EOCbN1PchDvsEAOWNKYesuUVk8+sQ
St0NDNhd9BWtTWTHkCZb1dKC3JTfr9PqkTBLrWFbYjkOtvdPAW7FDaXXXZfdH1jH
WfwP3Q+I6sqgSaWpCS4dBAns3/RVtO7czVgyIwma04iIvJqderYrfvkUq95KfwP2
V8wXkhrPPPxyrg5y3wQlpY2jb5RBBAC17SK1ms+DBtck4vpdjp3SJ32SbyC/DU30
89Q12j74S7Zdu1qZlKnvy3kWPYX/hMuSzGZ+mLVJNFEqH2X01aFzppYz0hdI9PGB
9tTFEqZWQL9ZkXfjc79Cgnt12pNukRbtw0N/kyutOdIFHVT79wVAd+powqziXJsC
Kc+4xjwSCkZitB5SU0EgMjA0OCA8cnNhMjA0OEBleGFtcGxlLm9yZz6JATQEEwEC
AB4FAkLIJbECGwMGCwkIBwMCAxUCAwMWAgECHgECF4AACgkQnc+OnJvTHyQqHwf8
DtzuAGmObfe3ggtn14x2wnU1Nigebe1K5liRnrLuVlLBpdO6CWmMUzfKRvyZlx54
GlA9uUQSjW+RlgejdOTQqesDrcTEukYd4yzwbLZyM5Gb3lsE/FEmE7Dxw/0Utf59
uACqzG8LACQn9J6sEgZWKxAupuYTHXd12lDPD3dnU4uzKPhMcjnSN00pzjusP7C9
NZd3OLkAx2vw/dmb4Q+/QxeZhVYYsAUuR2hv9bgGWopumlOkt8Zu5YG6+CtTbJXp
rPI7pJ1jHbeE+q/29hWJQtS8Abx82AcOkzhvS3NZKoJ/1DrGgoDAu1mGkM4KvLAx
fDs/qQ9dZhtEmDbKPLTVEA==
=WKAv
-----END PGP PRIVATE KEY BLOCK-----
');
insert into keytbl (id, name, pubkey, seckey)
values (5, 'psw-elg1024', '
-----BEGIN PGP PUBLIC KEY BLOCK-----
Version: GnuPG v1.4.1 (GNU/Linux)

mQGiBELIIUgRBACp401L6jXrLB28c3YA4sM3OJKnxM1GT9YTkWyE3Vyte65H8WU9
tGPBX7OMuaX5eGZ84LFUGvaP0k7anfmXcDkCO3P9GgL+ro/dS2Ps/vChQPZqHaxE
xpKDUt47B7DGdRJrC8DRnIR4wbSyQA6ma3S1yFqC5pJhSs+mqf9eExOjiwCgntth
klRxIYw352ZX9Ov9oht/p/ED/1Xi4PS+tkXVvyIw5aZfa61bT6XvDkoPI0Aj3GE5
YmCHJlKA/IhEr8QJOLV++5VEv4l6KQ1/DFoJzoNdr1AGJukgTc6X/WcQRzfQtUic
PHQme5oAWoHa6bVQZOwvbJh3mOXDq/Tk/KF22go8maM44vMn4bvv+SBbslviYLiL
jZJ1A/9JXF1esNq+X9HehJyqHHU7LEEf/ck6zC7o2erM3/LZlZuLNPD2cv3oL3Nv
saEgcTSZl+8XmO8pLmzjKIb+hi70qVx3t2IhMqbb4B/dMY1Ck62gPBKa81/Wwi7v
IsEBQLEtyBmGmI64YpzoRNFeaaF9JY+sAKqROqe6dLjJ7vebQLQfRWxnYW1hbCAx
MDI0IDx0ZXN0QGV4YW1wbGUub3JnPoheBBMRAgAeBQJCyCFIAhsDBgsJCAcDAgMV
AgMDFgIBAh4BAheAAAoJEBwpvA0YF3NkOtsAniI9W2bC3CxARTpYrev7ihreDzFc
AJ9WYLQxDQAi5Ec9AQoodPkIagzZ4LkBDQRCyCFKEAQAh5SNbbJMAsJ+sQbcWEzd
ku8AdYB5zY7Qyf9EOvn0g39bzANhxmmb6gbRlQN0ioymlDwraTKUAfuCZgNcg/0P
sxFGb9nDcvjIV8qdVpnq1PuzMFuBbmGI6weg7Pj01dlPiO0wt1lLX+SubktqbYxI
+h31c3RDZqxj+KAgxR8YNGMAAwYD+wQs2He1Z5+p4OSgMERiNzF0acZUYmc0e+/9
6gfL0ft3IP+SSFo6hEBrkKVhZKoPSSRr5KpNaEobhdxsnKjUaw/qyoaFcNMzb4sF
k8wq5UlCkR+h72u6hv8FuleCV8SJUT1U2JjtlXJR2Pey9ifh8rZfu57UbdwdHa0v
iWc4DilhiEkEGBECAAkFAkLIIUoCGwwACgkQHCm8DRgXc2TtrwCfdPom+HlNVE9F
ig3hGY1Rb4NEk1gAn1u9IuQB+BgDP40YHHz6bKWS/x80
=RWci
-----END PGP PUBLIC KEY BLOCK-----
', '
-----BEGIN PGP PRIVATE KEY BLOCK-----
Version: GnuPG v1.4.1 (GNU/Linux)

lQHpBELIIUgRBACp401L6jXrLB28c3YA4sM3OJKnxM1GT9YTkWyE3Vyte65H8WU9
tGPBX7OMuaX5eGZ84LFUGvaP0k7anfmXcDkCO3P9GgL+ro/dS2Ps/vChQPZqHaxE
xpKDUt47B7DGdRJrC8DRnIR4wbSyQA6ma3S1yFqC5pJhSs+mqf9eExOjiwCgntth
klRxIYw352ZX9Ov9oht/p/ED/1Xi4PS+tkXVvyIw5aZfa61bT6XvDkoPI0Aj3GE5
YmCHJlKA/IhEr8QJOLV++5VEv4l6KQ1/DFoJzoNdr1AGJukgTc6X/WcQRzfQtUic
PHQme5oAWoHa6bVQZOwvbJh3mOXDq/Tk/KF22go8maM44vMn4bvv+SBbslviYLiL
jZJ1A/9JXF1esNq+X9HehJyqHHU7LEEf/ck6zC7o2erM3/LZlZuLNPD2cv3oL3Nv
saEgcTSZl+8XmO8pLmzjKIb+hi70qVx3t2IhMqbb4B/dMY1Ck62gPBKa81/Wwi7v
IsEBQLEtyBmGmI64YpzoRNFeaaF9JY+sAKqROqe6dLjJ7vebQP4HAwImKZ5q2QwT
D2DDAY/IQBjes7WgqZeacfLPDoB8ecD/KLoSCH6Z3etvbPHSOKiazxoJ962Ix74H
ZAE6ZbMTtl5dZW1ptB9FbGdhbWFsIDEwMjQgPHRlc3RAZXhhbXBsZS5vcmc+iF4E
ExECAB4FAkLIIUgCGwMGCwkIBwMCAxUCAwMWAgECHgECF4AACgkQHCm8DRgXc2Q6
2wCfXKegLIzoYi8cM57DCYXhn+MZB/MAn1D4zAi5uLQBJ8mJ9oQzbewgfAeinQFf
BELIIUoQBACHlI1tskwCwn6xBtxYTN2S7wB1gHnNjtDJ/0Q6+fSDf1vMA2HGaZvq
BtGVA3SKjKaUPCtpMpQB+4JmA1yD/Q+zEUZv2cNy+MhXyp1WmerU+7MwW4FuYYjr
B6Ds+PTV2U+I7TC3WUtf5K5uS2ptjEj6HfVzdENmrGP4oCDFHxg0YwADBgP7BCzY
d7Vnn6ng5KAwRGI3MXRpxlRiZzR77/3qB8vR+3cg/5JIWjqEQGuQpWFkqg9JJGvk
qk1oShuF3GycqNRrD+rKhoVw0zNviwWTzCrlSUKRH6Hva7qG/wW6V4JXxIlRPVTY
mO2VclHY97L2J+Hytl+7ntRt3B0drS+JZzgOKWH+BwMCJimeatkMEw9gRkFjt4Xa
9rX8awMBE5+vVcGKv/DNiCvJnlYvSdCj8VfuHsYFliiJo6u17NJon+K43e3yvDNk
f631VOVanGEz7TyqOkWQiEkEGBECAAkFAkLIIUoCGwwACgkQHCm8DRgXc2TtrwCe
IUWi3DXHZf6ivK7dDec22bGgoekAn0dTuPDvJ2Dfd0j0nyBWSuaxJnb/
=SNvr
-----END PGP PRIVATE KEY BLOCK-----
');
insert into keytbl (id, name, pubkey, seckey)
values (6, 'rsaenc2048', '
-----BEGIN PGP PUBLIC KEY BLOCK-----
Version: GnuPG v1.4.1 (GNU/Linux)

mQELBELr2m0BCADOrnknlnXI0EzRExf/TgoHvK7Xx/E0keWqV3KrOyC3/tY2KOrj
UVxaAX5pkFX9wdQObGPIJm06u6D16CH6CildX/vxG7YgvvKzK8JGAbwrXAfk7OIW
czO2zRaZGDynoK3mAxHRBReyTKtNv8rDQhuZs6AOozJNARdbyUO/yqUnqNNygWuT
4htFDEuLPIJwAbMSD0BvFW6YQaPdxzaAZm3EWVNbwDzjgbBUdBiUUwRdZIFUhsjJ
dirFdy5+uuZru6y6CNC1OERkJ7P8EyoFiZckAIE5gshVZzNuyLOZjc5DhWBvLbX4
NZElAnfiv+4nA6y8wQLSIbmHA3nqJaBklj85AAYptCVSU0EgMjA0OCBFbmMgPHJz
YTIwNDhlbmNAZXhhbXBsZS5vcmc+iQE0BBMBAgAeBQJC69ptAhsDBgsJCAcDAgMV
AgMDFgIBAh4BAheAAAoJEMiZ6pNEGVVZHMkIAJtGHHZ9iM8Yq1rr0zl1L6SvlQP8
JCaxHa31wH3PKqGtq2M+cpb2rXf7gAY/doHJPXggfVzkyFrysmQ1gPbDGYLyOutw
+IkhihEb5bWxQBNj+3zAFs1YX6v2HXWbSUSmyY1V9/+NTtKk03olDc/swd3lXzku
UOhcgfpBgIt3Q+MpT6M2+OIF7lVfSb1rWdpwTfGhZzW9szQOeoS4gPvxCCRyuabQ
RJ6DWH61F8fFIDJg1z+A/Obx4fqX6GOA69RzgZ3oukFBIXxNwV9PZNnAmHtZVYO8
0g/oVYBbuvOYedffDBeQarhERZ5W2TnIE+nqY61YOLBqosliygdZTXULzNi5AQsE
QuvaugEIAOuCJZdkzORA6e1lr81Lnr4JzMsVBFA+X/yIkBbV6qX/A4nVSLAZKNPX
z1YIrMTu+1rMIiy10IWbA6zgMTpzPhJRfgePONgdnCYyK5Ksh5/C5ntzKwwGwxfK
lAXIxJurCHXTbEa+YvPdn76vJ3HsXOXVEL+fLb4U3l3Ng87YM202Lh1Ha2MeS2zE
FZcAoKbFqAAjDLEai64SoOFh0W3CsD1DL4zmfp+YZrUPHTtZadsi53i4KKW/ws9U
rHlolqYNhYze/uRLyfnUx9PN4r/GhEzauyDMV0smo91uB3aewPft+eCpmeWnu0PF
JVK4xyRmhIq2rVCw16a1pBJirvGM+y0ABimJAR8EGAECAAkFAkLr2roCGwwACgkQ
yJnqk0QZVVku1wgAg1bLSjPkhw+ldG5HzumpqR84+JKyozdJaJzefu2+1iqYE0B0
WLz2PJVIiK41xiEkKhBvTOQYuXmtWqAWXptD91P5SoXoNJWLQO3TNwarANhHxkWg
w/TOUxQqoctlRUej5NDD+4eW5G9lcS1FEGuKDWtX096u80vO+TbyJjvx2eVM1k+X
dmeYsGOiNgDimCreJGYc14G7eY9jt24gw10n1sMAKI1qm6lcoHqZ9OOyla+wJdro
PYZGO7R8+1O9R22WrK6BYDT5j/1JwMZqbOESjNvDEVT0yOHClCHRN4CChbt6LhKh
CLUNdz/udIt0JAC6c/HdPLSW3HnmM3+iNj+Kug==
=pwU2
-----END PGP PUBLIC KEY BLOCK-----
', '
-----BEGIN PGP PRIVATE KEY BLOCK-----
Version: GnuPG v1.4.1 (GNU/Linux)

lQOWBELr2m0BCADOrnknlnXI0EzRExf/TgoHvK7Xx/E0keWqV3KrOyC3/tY2KOrj
UVxaAX5pkFX9wdQObGPIJm06u6D16CH6CildX/vxG7YgvvKzK8JGAbwrXAfk7OIW
czO2zRaZGDynoK3mAxHRBReyTKtNv8rDQhuZs6AOozJNARdbyUO/yqUnqNNygWuT
4htFDEuLPIJwAbMSD0BvFW6YQaPdxzaAZm3EWVNbwDzjgbBUdBiUUwRdZIFUhsjJ
dirFdy5+uuZru6y6CNC1OERkJ7P8EyoFiZckAIE5gshVZzNuyLOZjc5DhWBvLbX4
NZElAnfiv+4nA6y8wQLSIbmHA3nqJaBklj85AAYpAAf9GuKpxrXp267eSPw9ZeSw
Ik6ob1I0MHbhhHeaXQnF0SuOViJ1+Bs74hUB3/F5fqrnjVLIS/ysYzegYpbpXOIa
MZwYcp2e+dpmVb7tkGQgzXH0igGtBQBqoSUVq9mG2XKPVh2JmiYgOH6GrHSGmnCq
GCgEK4ezSomB/3OtPFSjAxOlSw6dXSkapSxW3pEGvCdaWd9p8yl4rSpGsZEErPPL
uSbZZrHtWfgq5UXdPeE1UnMlBcvSruvpN4qgWMgSMs4d2lXvzXJLcht/nryP+atT
H1gwnRmlDCVv5BeJepKo3ORJDvcPlXkJPhqS9If3BhTqt6QgQEFI4aIYYZOZpZoi
2QQA2Zckzktmsc1MS04zS9gm1CbxM9d2KK8EOlh7fycRQhYYqqavhTBH2MgEp+Dd
ZtuEN5saNDe9x/fwi2ok1Bq6luGMWPZU/nZe7fxadzwfliy/qPzStWFW3vY9mMLu
6uEqgjin/lf4YrAswXDZaEc5e4GuNgGfwr27hpjxE1jg3PsEAPMqXEOMT2yh+yRu
DlLRbFhYOI4aUHY2CGoQQONnwv2O5gFvmOcPlg3J5lvnwlOYCx0c3bDxAtHyjPJq
FAZqcJBaB9RDhKHwlWDrbx/6FPH2SuKE+u4msIhPFin4V3FAP+yTem/TKrdnaWy6
EUrhCWTXVRTijBaCudfjFd/ipHZbA/0dv7UAcoWK6kiVLzyE+jOvtN+ZxTzxq7CW
mlFPgAC966hgJmz9IXqadtMgPAoL3PK9q1DbPM3JhsQcJrNzTJqZrdN1/kPU0HHa
+aof1BVy3wSvp2mXgaRUULStyhUIyBRM6hAYp3/MoWEYn/bwr+zQkIU8Zsk6OsZ6
q1xE3cowrUWFtCVSU0EgMjA0OCBFbmMgPHJzYTIwNDhlbmNAZXhhbXBsZS5vcmc+
iQE0BBMBAgAeBQJC69ptAhsDBgsJCAcDAgMVAgMDFgIBAh4BAheAAAoJEMiZ6pNE
GVVZHMkIAJtGHHZ9iM8Yq1rr0zl1L6SvlQP8JCaxHa31wH3PKqGtq2M+cpb2rXf7
gAY/doHJPXggfVzkyFrysmQ1gPbDGYLyOutw+IkhihEb5bWxQBNj+3zAFs1YX6v2
HXWbSUSmyY1V9/+NTtKk03olDc/swd3lXzkuUOhcgfpBgIt3Q+MpT6M2+OIF7lVf
Sb1rWdpwTfGhZzW9szQOeoS4gPvxCCRyuabQRJ6DWH61F8fFIDJg1z+A/Obx4fqX
6GOA69RzgZ3oukFBIXxNwV9PZNnAmHtZVYO80g/oVYBbuvOYedffDBeQarhERZ5W
2TnIE+nqY61YOLBqosliygdZTXULzNidA5YEQuvaugEIAOuCJZdkzORA6e1lr81L
nr4JzMsVBFA+X/yIkBbV6qX/A4nVSLAZKNPXz1YIrMTu+1rMIiy10IWbA6zgMTpz
PhJRfgePONgdnCYyK5Ksh5/C5ntzKwwGwxfKlAXIxJurCHXTbEa+YvPdn76vJ3Hs
XOXVEL+fLb4U3l3Ng87YM202Lh1Ha2MeS2zEFZcAoKbFqAAjDLEai64SoOFh0W3C
sD1DL4zmfp+YZrUPHTtZadsi53i4KKW/ws9UrHlolqYNhYze/uRLyfnUx9PN4r/G
hEzauyDMV0smo91uB3aewPft+eCpmeWnu0PFJVK4xyRmhIq2rVCw16a1pBJirvGM
+y0ABikAB/oC3z7lv6sVg+ngjbpWy9lZu2/ECZ9FqViVz7bUkjfvSuowgpncryLW
4EpVV4U6mMSgU6kAi5VGT/BvYGSAtnqDWGiPs7Kk+h4Adz74bEAXzU280pNBtSfX
tGvzlS4a376KzYFSCJDRBdMebEhJMbY0wQmR8lTZu5JSUI4YYEuN0c7ckdsw8w42
QWTLonG8HC6h8UPKS0EAcaCo7tFubMIesU6cWuTYucsHE+wjbADjuSNX968qczNe
NoL2BUznXOQoPu6HQO4/8cr7ib+VQkB2bHQcMoZazPUStIID1e4CL4XcxfuAmT8o
3XDvMLgVqNp5W2f8Mzmk3/DbtsLXLOv5BADsCzQpseC8ikSYJC72hcon1wlUmGeH
3qgGiiHhYXFa18xgI5juoO8DaWno0rPPlgr36Y8mSB5qjYHMXwjKnKyUmt11H+hU
+6uk4hq3Rjd8l+vfuOSr1xoTrtBUg9Rwfw6JVo0DC+8CWg4oBWsLXVM6KQXPFdJs
8kyFQplR/iP1XQQA/2tbDANjAYGNNDjJO9/0kEnSAUyYMasFJDrA2q17J5CroVQw
QpMmWwdDkRANUVPKnWHS5sS65BRc7UytKe2f3A3ZInGXJIK2Hl+TzapWYcYxql+4
ol5mEDDMDbhEE8Wmj9KyB6iifdLI0K+yxNb9T4Jpj3J18+St+G8+9AcFcBEEAM1b
M9C+/05cnV8gjcByqH9M9ypo8fzPvMKVXWwCLQXpaL50QIkzLURkiMoEWrCdELaA
sVPotRzePTIQ1ooLeDxd1gRnDqjZiIR0kwmv6vq8tfzY96O2ZbGWFI5eth89aWEJ
WB8AR3zYcXpwJLwPuhXW2/NlZF0bclJ3jNzAfTIeQmeJAR8EGAECAAkFAkLr2roC
GwwACgkQyJnqk0QZVVku1wgAg1bLSjPkhw+ldG5HzumpqR84+JKyozdJaJzefu2+
1iqYE0B0WLz2PJVIiK41xiEkKhBvTOQYuXmtWqAWXptD91P5SoXoNJWLQO3TNwar
ANhHxkWgw/TOUxQqoctlRUej5NDD+4eW5G9lcS1FEGuKDWtX096u80vO+TbyJjvx
2eVM1k+XdmeYsGOiNgDimCreJGYc14G7eY9jt24gw10n1sMAKI1qm6lcoHqZ9OOy
la+wJdroPYZGO7R8+1O9R22WrK6BYDT5j/1JwMZqbOESjNvDEVT0yOHClCHRN4CC
hbt6LhKhCLUNdz/udIt0JAC6c/HdPLSW3HnmM3+iNj+Kug==
=UKh3
-----END PGP PRIVATE KEY BLOCK-----
');
-- elg1024 / aes128
insert into encdata (id, data) values (1, '
-----BEGIN PGP MESSAGE-----
Version: GnuPG v1.4.1 (GNU/Linux)

hQEOA9k2z2S7c/RmEAQAgVWW0DeLrZ+1thWJGBPp2WRFL9HeNqqWHbKJCXJbz1Uy
faUY7yxVvG5Eutmo+JMiY3mg23/DgVVXHQZsTWpGvGM6djgUNGKUjZDbW6Nog7Mr
e78IywattCOmgUP9vIwwg3OVjuDCN/nVirGQFnXpJBc8DzWqDMWRWDy1M0ZsK7AD
/2JTosSFxUdpON0DKtIY3GLzmh6Nk3iV0g8VgJKUBT1rhCXuMDj3snm//EMm7hTY
PlnObq4mIhgz8NqprmhooxnU0Kapofb3P3wCHPpU14zxhXY8iKO/3JhBq2uFcx4X
uBMwkW4AdNxY/mzJZELteTL8Tr0s7PISk+owb4URpG3n0jsBc0CVULxrjh5Ejkdw
wCM195J6+KbQxOOFQ0b3uOVvv4dEgd/hRERCOq5EPaFhlHegyYJ7YO842vnSDA==
=PABx
-----END PGP MESSAGE-----
');
-- elg2048 / blowfish
insert into encdata (id, data) values (2, '
-----BEGIN PGP MESSAGE-----
Version: GnuPG v1.4.1 (GNU/Linux)

hQIOAywibh/+XMfUEAf+OINhBngEsw4a/IJIeJvUgv1gTQzBwOdQEuc/runr4Oa8
Skw/Bj0X/zgABVZLem1a35NHaNwaQaCFwMQ41YyWCu+jTdsiyX/Nw0w8LKKz0rNC
vVpG6YuV7Turtsf8a5lXy1K0SHkLlgxQ6c76GS4gtSl5+bsL2+5R1gSRJ9NXqCQP
OHRipEiYwBPqr5R21ZG0FXXNKGOGkj6jt/M/wh3WVtAhYuBI+HPKRfAEjd/Pu/eD
e1zYtkH1dKKFmp44+nF0tTI274xpuso7ShfKYrOK3saFWrl0DWiWteUinjSA1YBY
m7dG7NZ8PW+g1SZWhEoPjEEEHz3kWMvlKheMRDudnQf/dDyX6kZVIAQF/5B012hq
QyVewgTGysowFIDn01uIewoEA9cASw699jw9IoJp+k5WZXnU+INllBLzQxniQCSu
iEcr0x3fYqNtj9QBfbIqyRcY6HTWcmzyOUeGaSyX76j+tRAvtVtXpraFFFnaHB70
YpXTjLkp8EBafzMghFaKDeXlr2TG/T7rbwcwWrFIwPqEAUKWN5m97Q3eyo8/ioMd
YoFD64J9ovSsgbuU5IpIGAsjxK+NKzg/2STH7zZFEVCtgcIXsTHTZfiwS98/+1H9
p1DIDaXIcUFV2ztmcKxh9gt2sXRz1W+x6D8O0k3nanU5yGG4miLKaq18fbcA0BD1
+NIzAfelq6nvvxYKcGcamBMgLo5JkZOBHvyr6RsAKIT5QYc0QTjysTk9l0Am3gYc
G2pAE+3k
=TBHV
-----END PGP MESSAGE-----
');
-- elg4096 / aes256
insert into encdata (id, data) values (3, '
-----BEGIN PGP MESSAGE-----
Version: GnuPG v1.4.1 (GNU/Linux)

hQQOA7aFBP0Sjh/5EA/+JCgncc8IZmmRjPStWnGf9tVJhgHTn+smIclibGzs0deS
SPSCitzpblwbUDvu964+/5e5Q1l7rRuNN+AgETlEd4eppv7Swn2ChdgOXxRwukcT
Nh3G+PTFvD4ayi7w1db3qvXIt0MwN4Alt436wJmK1oz2Ka9IcyO+wHWrDy1nSGSx
z5x7YEj+EZPgWc/YAvudqE8Jpzd/OT5zSHN09UFkIAk6NxisKaIstbEGFgpqtoDZ
1SJM84XAdL2IcaJ3YY7k/yzwlawhsakKd4GSd5vWmAwvyzzbSiBMfKsDE16ePLNU
ZBF7CzmlCBPZ7YrFAHLpXBXXkCQvzD2BEYOjse50ZEfJ036T7950Ozcdy1EQbGon
nyQ4Gh0PBpnMcBuiXOceWuYzhlzFOzDtlVKdNTxFRDcbEyW2jo9xQYvCCLnYy8EH
2M7S8jCtVYJBbn63a82ELv+3+kWYcsvBJv2ZVBh4ncrBu9o0P+OYS7ApoOU+j6p2
+t0RXHksqXS1YiUwYF5KSw09EbYMgNZ9G04Px/PxLU6fSC9iDrGX7Xt3kOUP0mku
C518fPckT0zzRXqfFruJNRzDytW50KxkOQZzU1/Az1YlYN9QzWeU4EtLPb2fftZo
D0qH/ln+f9Op5t6sD2fcxZVECU1b/bFtZsxvwH406YL+UQ7hU/XnZrzVVzODal8P
/j1hg7v7BdJqu1DTp9nFWUuwMFcYAczuXn29IG183NZ7Ts4whDeYEhS8eNoLPX4j
txY12ILD/w/3Q4LoW/hPa6OdfEzsn0U5GLf1WiGmJE1H6ft2U/xUnerc/u0kt+FU
WAisArd4MuKtf7B5Vu/VF3kUdrR0hTniUKUivmC4o1jSId31Dufxj4aadVyldXAr
6TNBcdyragZjxEZ6hsBCYzA0Rd1a8atd6OaQoIEEfAzCu5Ks29pydHErStYGjWJ1
KA5KPLVvjbHpDmRhlCcm8vgpYQsBYEB5gE9fx5yCTlsVhCB6y23h7hfdMqerDqkO
ZOPsO5h+tiHCdIrQ36sMjuINy1/K2rYcXd+Crh2iHcfidpU9fvDz2ihTRNQlhjuT
0cQZM5JhctEx4VXF4LDctRhit7Hn0iqsk604woQfJVvP8O673xSXT/kBY0A/v9C0
3C4YoFNeSaKwbfZQ/4u1ZFPJxK2IIJa8UGpyAUewLMlzGVVagljybv/f4Z9ERAhy
huq5sMmw8UPsrJF2TUGHz5WSIwoh0J/qovoQI09I9sdEnFczDvRavMO2Mldy3E5i
exz9oewtel6GOmsZQSYWT/vJzbYMmvHNmNpVwwoKrLV6oI3kyQ80GHBwI1WlwHoK
2iRB0w8q4VVvJeYAz8ZIp380cqC3pfO0uZsrOx4g3k4X0jsB5y7rF5xXcZfnVbvG
DYKcOy60/OHMWVvpw6trAoA+iP+cVWPtrbRvLglTVTfYmi1ToZDDipkALBhndQ==
=L/M/
-----END PGP MESSAGE-----
');
-- rsaenc2048 / aes128
insert into encdata (id, data) values (4, '
-----BEGIN PGP MESSAGE-----
Version: GnuPG v1.4.1 (GNU/Linux)

hQEMA/0CBsQJt0h1AQf+JyYnCiortj26P11zk28MKOGfWpWyAhuIgwbJXsdQ+e6r
pEyyqs9GC6gI7SNF6+J8B/gsMwvkAL4FHAQCvA4ZZ6eeXR1Of4YG22JQGmpWVWZg
DTyfhA2vkczuqfAD2tgUpMT6sdyGkQ/fnQ0lknlfHgC5GRx7aavOoAKtMqiZW5PR
yae/qR48mjX7Mb+mLvbagv9mHEgQSmHwFpaq2k456BbcZ23bvCmBnCvqV/90Ggfb
VP6gkSoFVsJ19RHsOhW1dk9ehbl51WB3zUOO5FZWwUTY9DJvKblRK/frF0+CXjE4
HfcZXHSpSjx4haGGTsMvEJ85qFjZpr0eTGOdY5cFhNJAAVP8MZfji7OhPRAoOOIK
eRGOCkao12pvPyFTFnPd5vqmyBbdNpK4Q0hS82ljugMJvM0p3vJZVzW402Kz6iBL
GQ==
=XHkF
-----END PGP MESSAGE-----
');
-- successful decrypt
select pgp_pub_decrypt(dearmor(data), dearmor(seckey))
from keytbl, encdata where keytbl.id=1 and encdata.id=1;
 pgp_pub_decrypt 
-----------------
 Secret msg
(1 row)

select pgp_pub_decrypt(dearmor(data), dearmor(seckey))
from keytbl, encdata where keytbl.id=2 and encdata.id=2;
 pgp_pub_decrypt 
-----------------
 Secret msg
(1 row)

select pgp_pub_decrypt(dearmor(data), dearmor(seckey))
from keytbl, encdata where keytbl.id=3 and encdata.id=3;
 pgp_pub_decrypt 
-----------------
 Secret msg
(1 row)

select pgp_pub_decrypt(dearmor(data), dearmor(seckey))
from keytbl, encdata where keytbl.id=6 and encdata.id=4;
 pgp_pub_decrypt 
-----------------
 Secret message.
(1 row)

-- wrong key
select pgp_pub_decrypt(dearmor(data), dearmor(seckey))
from keytbl, encdata where keytbl.id=2 and encdata.id=1;
ERROR:  Wrong key
-- sign-only key
select pgp_pub_decrypt(dearmor(data), dearmor(seckey))
from keytbl, encdata where keytbl.id=4 and encdata.id=1;
ERROR:  No encryption key found
-- password-protected secret key, no password
select pgp_pub_decrypt(dearmor(data), dearmor(seckey))
from keytbl, encdata where keytbl.id=5 and encdata.id=1;
ERROR:  Need password for secret key
-- password-protected secret key, wrong password
select pgp_pub_decrypt(dearmor(data), dearmor(seckey), 'foo')
from keytbl, encdata where keytbl.id=5 and encdata.id=1;
ERROR:  Corrupt data
-- password-protected secret key, right password
select pgp_pub_decrypt(dearmor(data), dearmor(seckey), 'parool')
from keytbl, encdata where keytbl.id=5 and encdata.id=1;
 pgp_pub_decrypt 
-----------------
 Secret msg
(1 row)

