--
-- Test for various ALTER statements
--
-- clean-up in case a prior regression run failed
SET client_min_messages TO 'warning';
DROP DATABASE IF EXISTS sepgsql_test_regression_1;
DROP DATABASE IF EXISTS sepgsql_test_regression;
DROP USER IF EXISTS regress_sepgsql_test_user;
RESET client_min_messages;
SELECT sepgsql_getcon();	-- confirm client privilege
                      sepgsql_getcon                      
----------------------------------------------------------
 unconfined_u:unconfined_r:sepgsql_regtest_superuser_t:s0
(1 row)

--
-- CREATE Objects to be altered (with debug_audit being silent)
--
CREATE DATABASE sepgsql_test_regression_1;
CREATE USER regress_sepgsql_test_user;
CREATE SCHEMA regtest_schema_1;
CREATE SCHEMA regtest_schema_2;
GRANT ALL ON SCHEMA regtest_schema_1 TO public;
GRANT ALL ON SCHEMA regtest_schema_2  TO public;
SET search_path = regtest_schema_1, regtest_schema_2, public;
CREATE TABLE regtest_table_1 (a int, b text);
CREATE TABLE regtest_table_2 (c text) inherits (regtest_table_1);
CREATE TABLE regtest_table_3 (x int primary key, y text);
---
-- partitioned table parent
CREATE TABLE regtest_ptable_1 (o int, p text) PARTITION BY RANGE (o);
-- partitioned table children
CREATE TABLE regtest_ptable_1_ones PARTITION OF regtest_ptable_1 FOR VALUES FROM ('0') TO ('10');
CREATE TABLE regtest_ptable_1_tens PARTITION OF regtest_ptable_1 FOR VALUES FROM ('10') TO ('100');
---
CREATE SEQUENCE regtest_seq_1;
CREATE VIEW regtest_view_1 AS SELECT * FROM regtest_table_1 WHERE a > 0;
CREATE FUNCTION regtest_func_1 (text) RETURNS bool
  AS 'BEGIN RETURN true; END' LANGUAGE 'plpgsql';
-- switch on debug_audit
SET sepgsql.debug_audit = true;
SET client_min_messages = LOG;
--
-- ALTER xxx OWNER TO
--
-- XXX: It should take db_xxx:{setattr} permission checks even if
--      owner is not actually changed.
--
ALTER DATABASE sepgsql_test_regression_1 OWNER TO regress_sepgsql_test_user;
LOG:  SELinux: allowed { setattr } scontext=unconfined_u:unconfined_r:sepgsql_regtest_superuser_t:s0 tcontext=unconfined_u:object_r:sepgsql_db_t:s0 tclass=db_database name="sepgsql_test_regression_1" permissive=0
ALTER DATABASE sepgsql_test_regression_1 OWNER TO regress_sepgsql_test_user;
LOG:  SELinux: allowed { setattr } scontext=unconfined_u:unconfined_r:sepgsql_regtest_superuser_t:s0 tcontext=unconfined_u:object_r:sepgsql_db_t:s0 tclass=db_database name="sepgsql_test_regression_1" permissive=0
ALTER SCHEMA regtest_schema_1 OWNER TO regress_sepgsql_test_user;
LOG:  SELinux: allowed { setattr } scontext=unconfined_u:unconfined_r:sepgsql_regtest_superuser_t:s0 tcontext=unconfined_u:object_r:sepgsql_schema_t:s0 tclass=db_schema name="regtest_schema_1" permissive=0
ALTER SCHEMA regtest_schema_1 OWNER TO regress_sepgsql_test_user;
LOG:  SELinux: allowed { setattr } scontext=unconfined_u:unconfined_r:sepgsql_regtest_superuser_t:s0 tcontext=unconfined_u:object_r:sepgsql_schema_t:s0 tclass=db_schema name="regtest_schema_1" permissive=0
ALTER TABLE regtest_table_1 OWNER TO regress_sepgsql_test_user;
LOG:  SELinux: allowed { search } scontext=unconfined_u:unconfined_r:sepgsql_regtest_superuser_t:s0 tcontext=unconfined_u:object_r:sepgsql_schema_t:s0 tclass=db_schema name="regtest_schema_1" permissive=0
LOG:  SELinux: allowed { search } scontext=unconfined_u:unconfined_r:sepgsql_regtest_superuser_t:s0 tcontext=unconfined_u:object_r:sepgsql_schema_t:s0 tclass=db_schema name="regtest_schema_2" permissive=0
LOG:  SELinux: allowed { search } scontext=unconfined_u:unconfined_r:sepgsql_regtest_superuser_t:s0 tcontext=system_u:object_r:sepgsql_schema_t:s0 tclass=db_schema name="public" permissive=0
LOG:  SELinux: allowed { setattr } scontext=unconfined_u:unconfined_r:sepgsql_regtest_superuser_t:s0 tcontext=unconfined_u:object_r:sepgsql_table_t:s0 tclass=db_table name="regtest_schema_1.regtest_table_1" permissive=0
ALTER TABLE regtest_table_1 OWNER TO regress_sepgsql_test_user;
LOG:  SELinux: allowed { setattr } scontext=unconfined_u:unconfined_r:sepgsql_regtest_superuser_t:s0 tcontext=unconfined_u:object_r:sepgsql_table_t:s0 tclass=db_table name="regtest_schema_1.regtest_table_1" permissive=0
ALTER TABLE regtest_ptable_1 OWNER TO regress_sepgsql_test_user;
LOG:  SELinux: allowed { setattr } scontext=unconfined_u:unconfined_r:sepgsql_regtest_superuser_t:s0 tcontext=unconfined_u:object_r:sepgsql_table_t:s0 tclass=db_table name="regtest_schema_1.regtest_ptable_1" permissive=0
ALTER TABLE regtest_ptable_1_ones OWNER TO regress_sepgsql_test_user;
LOG:  SELinux: allowed { setattr } scontext=unconfined_u:unconfined_r:sepgsql_regtest_superuser_t:s0 tcontext=unconfined_u:object_r:sepgsql_table_t:s0 tclass=db_table name="regtest_schema_1.regtest_ptable_1_ones" permissive=0
ALTER SEQUENCE regtest_seq_1 OWNER TO regress_sepgsql_test_user;
LOG:  SELinux: allowed { setattr } scontext=unconfined_u:unconfined_r:sepgsql_regtest_superuser_t:s0 tcontext=unconfined_u:object_r:sepgsql_seq_t:s0 tclass=db_sequence name="regtest_schema_1.regtest_seq_1" permissive=0
ALTER SEQUENCE regtest_seq_1 OWNER TO regress_sepgsql_test_user;
LOG:  SELinux: allowed { setattr } scontext=unconfined_u:unconfined_r:sepgsql_regtest_superuser_t:s0 tcontext=unconfined_u:object_r:sepgsql_seq_t:s0 tclass=db_sequence name="regtest_schema_1.regtest_seq_1" permissive=0
ALTER VIEW regtest_view_1 OWNER TO regress_sepgsql_test_user;
LOG:  SELinux: allowed { setattr } scontext=unconfined_u:unconfined_r:sepgsql_regtest_superuser_t:s0 tcontext=unconfined_u:object_r:sepgsql_view_t:s0 tclass=db_view name="regtest_schema_1.regtest_view_1" permissive=0
ALTER VIEW regtest_view_1 OWNER TO regress_sepgsql_test_user;
LOG:  SELinux: allowed { setattr } scontext=unconfined_u:unconfined_r:sepgsql_regtest_superuser_t:s0 tcontext=unconfined_u:object_r:sepgsql_view_t:s0 tclass=db_view name="regtest_schema_1.regtest_view_1" permissive=0
ALTER FUNCTION regtest_func_1(text) OWNER TO regress_sepgsql_test_user;
LOG:  SELinux: allowed { setattr } scontext=unconfined_u:unconfined_r:sepgsql_regtest_superuser_t:s0 tcontext=unconfined_u:object_r:sepgsql_proc_exec_t:s0 tclass=db_procedure name="regtest_schema_1.regtest_func_1(pg_catalog.text)" permissive=0
ALTER FUNCTION regtest_func_1(text) OWNER TO regress_sepgsql_test_user;
LOG:  SELinux: allowed { setattr } scontext=unconfined_u:unconfined_r:sepgsql_regtest_superuser_t:s0 tcontext=unconfined_u:object_r:sepgsql_proc_exec_t:s0 tclass=db_procedure name="regtest_schema_1.regtest_func_1(pg_catalog.text)" permissive=0
--
-- ALTER xxx SET SCHEMA
--
ALTER TABLE regtest_table_1 SET SCHEMA regtest_schema_2;
LOG:  SELinux: allowed { remove_name } scontext=unconfined_u:unconfined_r:sepgsql_regtest_superuser_t:s0 tcontext=unconfined_u:object_r:sepgsql_schema_t:s0 tclass=db_schema name="regtest_schema_1" permissive=0
LOG:  SELinux: allowed { add_name } scontext=unconfined_u:unconfined_r:sepgsql_regtest_superuser_t:s0 tcontext=unconfined_u:object_r:sepgsql_schema_t:s0 tclass=db_schema name="regtest_schema_2" permissive=0
LOG:  SELinux: allowed { setattr } scontext=unconfined_u:unconfined_r:sepgsql_regtest_superuser_t:s0 tcontext=unconfined_u:object_r:sepgsql_table_t:s0 tclass=db_table name="regtest_schema_1.regtest_table_1" permissive=0
ALTER TABLE regtest_ptable_1 SET SCHEMA regtest_schema_2;
LOG:  SELinux: allowed { remove_name } scontext=unconfined_u:unconfined_r:sepgsql_regtest_superuser_t:s0 tcontext=unconfined_u:object_r:sepgsql_schema_t:s0 tclass=db_schema name="regtest_schema_1" permissive=0
LOG:  SELinux: allowed { add_name } scontext=unconfined_u:unconfined_r:sepgsql_regtest_superuser_t:s0 tcontext=unconfined_u:object_r:sepgsql_schema_t:s0 tclass=db_schema name="regtest_schema_2" permissive=0
LOG:  SELinux: allowed { setattr } scontext=unconfined_u:unconfined_r:sepgsql_regtest_superuser_t:s0 tcontext=unconfined_u:object_r:sepgsql_table_t:s0 tclass=db_table name="regtest_schema_1.regtest_ptable_1" permissive=0
ALTER TABLE regtest_ptable_1_ones SET SCHEMA regtest_schema_2;
LOG:  SELinux: allowed { remove_name } scontext=unconfined_u:unconfined_r:sepgsql_regtest_superuser_t:s0 tcontext=unconfined_u:object_r:sepgsql_schema_t:s0 tclass=db_schema name="regtest_schema_1" permissive=0
LOG:  SELinux: allowed { add_name } scontext=unconfined_u:unconfined_r:sepgsql_regtest_superuser_t:s0 tcontext=unconfined_u:object_r:sepgsql_schema_t:s0 tclass=db_schema name="regtest_schema_2" permissive=0
LOG:  SELinux: allowed { setattr } scontext=unconfined_u:unconfined_r:sepgsql_regtest_superuser_t:s0 tcontext=unconfined_u:object_r:sepgsql_table_t:s0 tclass=db_table name="regtest_schema_1.regtest_ptable_1_ones" permissive=0
ALTER SEQUENCE regtest_seq_1 SET SCHEMA regtest_schema_2;
LOG:  SELinux: allowed { remove_name } scontext=unconfined_u:unconfined_r:sepgsql_regtest_superuser_t:s0 tcontext=unconfined_u:object_r:sepgsql_schema_t:s0 tclass=db_schema name="regtest_schema_1" permissive=0
LOG:  SELinux: allowed { add_name } scontext=unconfined_u:unconfined_r:sepgsql_regtest_superuser_t:s0 tcontext=unconfined_u:object_r:sepgsql_schema_t:s0 tclass=db_schema name="regtest_schema_2" permissive=0
LOG:  SELinux: allowed { setattr } scontext=unconfined_u:unconfined_r:sepgsql_regtest_superuser_t:s0 tcontext=unconfined_u:object_r:sepgsql_seq_t:s0 tclass=db_sequence name="regtest_schema_1.regtest_seq_1" permissive=0
ALTER VIEW regtest_view_1 SET SCHEMA regtest_schema_2;
LOG:  SELinux: allowed { remove_name } scontext=unconfined_u:unconfined_r:sepgsql_regtest_superuser_t:s0 tcontext=unconfined_u:object_r:sepgsql_schema_t:s0 tclass=db_schema name="regtest_schema_1" permissive=0
LOG:  SELinux: allowed { add_name } scontext=unconfined_u:unconfined_r:sepgsql_regtest_superuser_t:s0 tcontext=unconfined_u:object_r:sepgsql_schema_t:s0 tclass=db_schema name="regtest_schema_2" permissive=0
LOG:  SELinux: allowed { setattr } scontext=unconfined_u:unconfined_r:sepgsql_regtest_superuser_t:s0 tcontext=unconfined_u:object_r:sepgsql_view_t:s0 tclass=db_view name="regtest_schema_1.regtest_view_1" permissive=0
ALTER FUNCTION regtest_func_1(text) SET SCHEMA regtest_schema_2;
LOG:  SELinux: allowed { remove_name } scontext=unconfined_u:unconfined_r:sepgsql_regtest_superuser_t:s0 tcontext=unconfined_u:object_r:sepgsql_schema_t:s0 tclass=db_schema name="regtest_schema_1" permissive=0
LOG:  SELinux: allowed { add_name } scontext=unconfined_u:unconfined_r:sepgsql_regtest_superuser_t:s0 tcontext=unconfined_u:object_r:sepgsql_schema_t:s0 tclass=db_schema name="regtest_schema_1" permissive=0
LOG:  SELinux: allowed { setattr } scontext=unconfined_u:unconfined_r:sepgsql_regtest_superuser_t:s0 tcontext=unconfined_u:object_r:sepgsql_proc_exec_t:s0 tclass=db_procedure name="regtest_schema_1.regtest_func_1(pg_catalog.text)" permissive=0
--
-- ALTER xxx RENAME TO
--
ALTER DATABASE sepgsql_test_regression_1 RENAME TO sepgsql_test_regression;
LOG:  SELinux: allowed { setattr } scontext=unconfined_u:unconfined_r:sepgsql_regtest_superuser_t:s0 tcontext=unconfined_u:object_r:sepgsql_db_t:s0 tclass=db_database name="sepgsql_test_regression_1" permissive=0
ALTER SCHEMA regtest_schema_1 RENAME TO regtest_schema;
LOG:  SELinux: allowed { setattr } scontext=unconfined_u:unconfined_r:sepgsql_regtest_superuser_t:s0 tcontext=unconfined_u:object_r:sepgsql_schema_t:s0 tclass=db_schema name="regtest_schema_1" permissive=0
ALTER TABLE regtest_table_1 RENAME TO regtest_table;
LOG:  SELinux: allowed { search } scontext=unconfined_u:unconfined_r:sepgsql_regtest_superuser_t:s0 tcontext=unconfined_u:object_r:sepgsql_schema_t:s0 tclass=db_schema name="regtest_schema_2" permissive=0
LOG:  SELinux: allowed { search } scontext=unconfined_u:unconfined_r:sepgsql_regtest_superuser_t:s0 tcontext=system_u:object_r:sepgsql_schema_t:s0 tclass=db_schema name="public" permissive=0
LOG:  SELinux: allowed { add_name remove_name } scontext=unconfined_u:unconfined_r:sepgsql_regtest_superuser_t:s0 tcontext=unconfined_u:object_r:sepgsql_schema_t:s0 tclass=db_schema name="regtest_schema_2" permissive=0
LOG:  SELinux: allowed { setattr } scontext=unconfined_u:unconfined_r:sepgsql_regtest_superuser_t:s0 tcontext=unconfined_u:object_r:sepgsql_table_t:s0 tclass=db_table name="regtest_schema_2.regtest_table_1" permissive=0
---
-- partitioned table parent
ALTER TABLE regtest_ptable_1 RENAME TO regtest_ptable;
LOG:  SELinux: allowed { add_name remove_name } scontext=unconfined_u:unconfined_r:sepgsql_regtest_superuser_t:s0 tcontext=unconfined_u:object_r:sepgsql_schema_t:s0 tclass=db_schema name="regtest_schema_2" permissive=0
LOG:  SELinux: allowed { setattr } scontext=unconfined_u:unconfined_r:sepgsql_regtest_superuser_t:s0 tcontext=unconfined_u:object_r:sepgsql_table_t:s0 tclass=db_table name="regtest_schema_2.regtest_ptable_1" permissive=0
-- partitioned table child
ALTER TABLE regtest_ptable_1_ones RENAME TO regtest_table_part;
LOG:  SELinux: allowed { add_name remove_name } scontext=unconfined_u:unconfined_r:sepgsql_regtest_superuser_t:s0 tcontext=unconfined_u:object_r:sepgsql_schema_t:s0 tclass=db_schema name="regtest_schema_2" permissive=0
LOG:  SELinux: allowed { setattr } scontext=unconfined_u:unconfined_r:sepgsql_regtest_superuser_t:s0 tcontext=unconfined_u:object_r:sepgsql_table_t:s0 tclass=db_table name="regtest_schema_2.regtest_ptable_1_ones" permissive=0
---
ALTER SEQUENCE regtest_seq_1 RENAME TO regtest_seq;
LOG:  SELinux: allowed { add_name remove_name } scontext=unconfined_u:unconfined_r:sepgsql_regtest_superuser_t:s0 tcontext=unconfined_u:object_r:sepgsql_schema_t:s0 tclass=db_schema name="regtest_schema_2" permissive=0
LOG:  SELinux: allowed { setattr } scontext=unconfined_u:unconfined_r:sepgsql_regtest_superuser_t:s0 tcontext=unconfined_u:object_r:sepgsql_seq_t:s0 tclass=db_sequence name="regtest_schema_2.regtest_seq_1" permissive=0
ALTER VIEW regtest_view_1 RENAME TO regtest_view;
LOG:  SELinux: allowed { add_name remove_name } scontext=unconfined_u:unconfined_r:sepgsql_regtest_superuser_t:s0 tcontext=unconfined_u:object_r:sepgsql_schema_t:s0 tclass=db_schema name="regtest_schema_2" permissive=0
LOG:  SELinux: allowed { setattr } scontext=unconfined_u:unconfined_r:sepgsql_regtest_superuser_t:s0 tcontext=unconfined_u:object_r:sepgsql_view_t:s0 tclass=db_view name="regtest_schema_2.regtest_view_1" permissive=0
ALTER FUNCTION regtest_func_1(text) RENAME TO regtest_func;
LOG:  SELinux: allowed { add_name remove_name } scontext=unconfined_u:unconfined_r:sepgsql_regtest_superuser_t:s0 tcontext=unconfined_u:object_r:sepgsql_schema_t:s0 tclass=db_schema name="regtest_schema_2" permissive=0
LOG:  SELinux: allowed { setattr } scontext=unconfined_u:unconfined_r:sepgsql_regtest_superuser_t:s0 tcontext=unconfined_u:object_r:sepgsql_proc_exec_t:s0 tclass=db_procedure name="regtest_schema_2.regtest_func_1(pg_catalog.text)" permissive=0
SET search_path = regtest_schema, regtest_schema_2, public;
--
-- misc ALTER commands
--
ALTER DATABASE sepgsql_test_regression CONNECTION LIMIT 999;
LOG:  SELinux: allowed { setattr } scontext=unconfined_u:unconfined_r:sepgsql_regtest_superuser_t:s0 tcontext=unconfined_u:object_r:sepgsql_db_t:s0 tclass=db_database name="sepgsql_test_regression" permissive=0
ALTER DATABASE sepgsql_test_regression SET search_path TO regtest_schema, public; -- not supported yet
ALTER TABLE regtest_table ADD COLUMN d float;
LOG:  SELinux: allowed { search } scontext=unconfined_u:unconfined_r:sepgsql_regtest_superuser_t:s0 tcontext=unconfined_u:object_r:sepgsql_schema_t:s0 tclass=db_schema name="regtest_schema" permissive=0
LOG:  SELinux: allowed { search } scontext=unconfined_u:unconfined_r:sepgsql_regtest_superuser_t:s0 tcontext=unconfined_u:object_r:sepgsql_schema_t:s0 tclass=db_schema name="regtest_schema_2" permissive=0
LOG:  SELinux: allowed { search } scontext=unconfined_u:unconfined_r:sepgsql_regtest_superuser_t:s0 tcontext=system_u:object_r:sepgsql_schema_t:s0 tclass=db_schema name="public" permissive=0
LOG:  SELinux: allowed { search } scontext=unconfined_u:unconfined_r:sepgsql_regtest_superuser_t:s0 tcontext=system_u:object_r:sepgsql_schema_t:s0 tclass=db_schema name="pg_catalog" permissive=0
LINE 1: ALTER TABLE regtest_table ADD COLUMN d float;
                                               ^
LOG:  SELinux: allowed { search } scontext=unconfined_u:unconfined_r:sepgsql_regtest_superuser_t:s0 tcontext=system_u:object_r:sepgsql_schema_t:s0 tclass=db_schema name="pg_catalog" permissive=0
LOG:  SELinux: allowed { create } scontext=unconfined_u:unconfined_r:sepgsql_regtest_superuser_t:s0 tcontext=unconfined_u:object_r:sepgsql_table_t:s0 tclass=db_column name="regtest_schema_2.regtest_table.d" permissive=0
LOG:  SELinux: allowed { search } scontext=unconfined_u:unconfined_r:sepgsql_regtest_superuser_t:s0 tcontext=system_u:object_r:sepgsql_schema_t:s0 tclass=db_schema name="pg_catalog" permissive=0
LOG:  SELinux: allowed { create } scontext=unconfined_u:unconfined_r:sepgsql_regtest_superuser_t:s0 tcontext=unconfined_u:object_r:sepgsql_table_t:s0 tclass=db_column name="regtest_schema.regtest_table_2.d" permissive=0
ALTER TABLE regtest_table DROP COLUMN d;
LOG:  SELinux: allowed { drop } scontext=unconfined_u:unconfined_r:sepgsql_regtest_superuser_t:s0 tcontext=unconfined_u:object_r:sepgsql_table_t:s0 tclass=db_column name="regtest_schema.regtest_table_2.d" permissive=0
LOG:  SELinux: allowed { drop } scontext=unconfined_u:unconfined_r:sepgsql_regtest_superuser_t:s0 tcontext=unconfined_u:object_r:sepgsql_table_t:s0 tclass=db_column name="regtest_schema_2.regtest_table.d" permissive=0
ALTER TABLE regtest_table ALTER b SET DEFAULT 'abcd';   -- not supported yet
ALTER TABLE regtest_table ALTER b SET DEFAULT 'XYZ';    -- not supported yet
ALTER TABLE regtest_table ALTER b DROP DEFAULT;         -- not supported yet
ALTER TABLE regtest_table ALTER b SET NOT NULL;
LOG:  SELinux: allowed { setattr } scontext=unconfined_u:unconfined_r:sepgsql_regtest_superuser_t:s0 tcontext=unconfined_u:object_r:sepgsql_table_t:s0 tclass=db_column name="regtest_schema_2.regtest_table.b" permissive=0
LOG:  SELinux: allowed { setattr } scontext=unconfined_u:unconfined_r:sepgsql_regtest_superuser_t:s0 tcontext=unconfined_u:object_r:sepgsql_table_t:s0 tclass=db_column name="regtest_schema.regtest_table_2.b" permissive=0
ALTER TABLE regtest_table ALTER b DROP NOT NULL;
LOG:  SELinux: allowed { setattr } scontext=unconfined_u:unconfined_r:sepgsql_regtest_superuser_t:s0 tcontext=unconfined_u:object_r:sepgsql_table_t:s0 tclass=db_column name="regtest_schema_2.regtest_table.b" permissive=0
ALTER TABLE regtest_table ALTER b SET STATISTICS -1;
LOG:  SELinux: allowed { setattr } scontext=unconfined_u:unconfined_r:sepgsql_regtest_superuser_t:s0 tcontext=unconfined_u:object_r:sepgsql_table_t:s0 tclass=db_column name="regtest_schema_2.regtest_table.b" permissive=0
LOG:  SELinux: allowed { setattr } scontext=unconfined_u:unconfined_r:sepgsql_regtest_superuser_t:s0 tcontext=unconfined_u:object_r:sepgsql_table_t:s0 tclass=db_column name="regtest_schema.regtest_table_2.b" permissive=0
ALTER TABLE regtest_table ALTER b SET (n_distinct = 999);
LOG:  SELinux: allowed { setattr } scontext=unconfined_u:unconfined_r:sepgsql_regtest_superuser_t:s0 tcontext=unconfined_u:object_r:sepgsql_table_t:s0 tclass=db_column name="regtest_schema_2.regtest_table.b" permissive=0
ALTER TABLE regtest_table ALTER b SET STORAGE PLAIN;
LOG:  SELinux: allowed { setattr } scontext=unconfined_u:unconfined_r:sepgsql_regtest_superuser_t:s0 tcontext=unconfined_u:object_r:sepgsql_table_t:s0 tclass=db_column name="regtest_schema_2.regtest_table.b" permissive=0
LOG:  SELinux: allowed { setattr } scontext=unconfined_u:unconfined_r:sepgsql_regtest_superuser_t:s0 tcontext=unconfined_u:object_r:sepgsql_table_t:s0 tclass=db_column name="regtest_schema.regtest_table_2.b" permissive=0
ALTER TABLE regtest_table ADD CONSTRAINT test_fk FOREIGN KEY (a) REFERENCES regtest_table_3(x); -- not supported
LOG:  SELinux: allowed { search } scontext=unconfined_u:unconfined_r:sepgsql_regtest_superuser_t:s0 tcontext=system_u:object_r:sepgsql_schema_t:s0 tclass=db_schema name="pg_catalog" permissive=0
LOG:  SELinux: allowed { search } scontext=unconfined_u:unconfined_r:sepgsql_regtest_superuser_t:s0 tcontext=system_u:object_r:sepgsql_schema_t:s0 tclass=db_schema name="pg_catalog" permissive=0
LOG:  SELinux: allowed { search } scontext=unconfined_u:unconfined_r:sepgsql_regtest_superuser_t:s0 tcontext=system_u:object_r:sepgsql_schema_t:s0 tclass=db_schema name="pg_catalog" permissive=0
LOG:  SELinux: allowed { search } scontext=unconfined_u:unconfined_r:sepgsql_regtest_superuser_t:s0 tcontext=system_u:object_r:sepgsql_schema_t:s0 tclass=db_schema name="pg_catalog" permissive=0
LOG:  SELinux: allowed { select } scontext=unconfined_u:unconfined_r:sepgsql_regtest_superuser_t:s0 tcontext=unconfined_u:object_r:sepgsql_table_t:s0 tclass=db_table name="regtest_schema.regtest_table_3" permissive=0
LOG:  SELinux: allowed { select } scontext=unconfined_u:unconfined_r:sepgsql_regtest_superuser_t:s0 tcontext=unconfined_u:object_r:sepgsql_table_t:s0 tclass=db_column name="column x of table regtest_table_3" permissive=0
LOG:  SELinux: allowed { select } scontext=unconfined_u:unconfined_r:sepgsql_regtest_superuser_t:s0 tcontext=unconfined_u:object_r:sepgsql_table_t:s0 tclass=db_table name="regtest_schema_2.regtest_table" permissive=0
LOG:  SELinux: allowed { select } scontext=unconfined_u:unconfined_r:sepgsql_regtest_superuser_t:s0 tcontext=unconfined_u:object_r:sepgsql_table_t:s0 tclass=db_column name="column a of table regtest_table" permissive=0
LOG:  SELinux: allowed { search } scontext=unconfined_u:unconfined_r:sepgsql_regtest_superuser_t:s0 tcontext=unconfined_u:object_r:sepgsql_schema_t:s0 tclass=db_schema name="regtest_schema_2" permissive=0
LINE 1: SELECT fk."a" FROM ONLY "regtest_schema_2"."regtest_table" f...
                                ^
QUERY:  SELECT fk."a" FROM ONLY "regtest_schema_2"."regtest_table" fk LEFT OUTER JOIN ONLY "regtest_schema"."regtest_table_3" pk ON ( pk."x" OPERATOR(pg_catalog.=) fk."a") WHERE pk."x" IS NULL AND (fk."a" IS NOT NULL)
LOG:  SELinux: allowed { search } scontext=unconfined_u:unconfined_r:sepgsql_regtest_superuser_t:s0 tcontext=unconfined_u:object_r:sepgsql_schema_t:s0 tclass=db_schema name="regtest_schema" permissive=0
LINE 1: ...schema_2"."regtest_table" fk LEFT OUTER JOIN ONLY "regtest_s...
                                                             ^
QUERY:  SELECT fk."a" FROM ONLY "regtest_schema_2"."regtest_table" fk LEFT OUTER JOIN ONLY "regtest_schema"."regtest_table_3" pk ON ( pk."x" OPERATOR(pg_catalog.=) fk."a") WHERE pk."x" IS NULL AND (fk."a" IS NOT NULL)
LOG:  SELinux: allowed { search } scontext=unconfined_u:unconfined_r:sepgsql_regtest_superuser_t:s0 tcontext=system_u:object_r:sepgsql_schema_t:s0 tclass=db_schema name="pg_catalog" permissive=0
LINE 1: ..."regtest_schema"."regtest_table_3" pk ON ( pk."x" OPERATOR(p...
                                                             ^
QUERY:  SELECT fk."a" FROM ONLY "regtest_schema_2"."regtest_table" fk LEFT OUTER JOIN ONLY "regtest_schema"."regtest_table_3" pk ON ( pk."x" OPERATOR(pg_catalog.=) fk."a") WHERE pk."x" IS NULL AND (fk."a" IS NOT NULL)
LOG:  SELinux: allowed { search } scontext=unconfined_u:unconfined_r:sepgsql_regtest_superuser_t:s0 tcontext=system_u:object_r:sepgsql_schema_t:s0 tclass=db_schema name="pg_catalog" permissive=0
LOG:  SELinux: allowed { select } scontext=unconfined_u:unconfined_r:sepgsql_regtest_superuser_t:s0 tcontext=unconfined_u:object_r:sepgsql_table_t:s0 tclass=db_table name="regtest_schema_2.regtest_table" permissive=0
LOG:  SELinux: allowed { select } scontext=unconfined_u:unconfined_r:sepgsql_regtest_superuser_t:s0 tcontext=unconfined_u:object_r:sepgsql_table_t:s0 tclass=db_column name="column a of table regtest_table" permissive=0
LOG:  SELinux: allowed { select } scontext=unconfined_u:unconfined_r:sepgsql_regtest_superuser_t:s0 tcontext=unconfined_u:object_r:sepgsql_table_t:s0 tclass=db_table name="regtest_schema.regtest_table_3" permissive=0
LOG:  SELinux: allowed { select } scontext=unconfined_u:unconfined_r:sepgsql_regtest_superuser_t:s0 tcontext=unconfined_u:object_r:sepgsql_table_t:s0 tclass=db_column name="column x of table regtest_table_3" permissive=0
LOG:  SELinux: allowed { execute } scontext=unconfined_u:unconfined_r:sepgsql_regtest_superuser_t:s0 tcontext=system_u:object_r:sepgsql_proc_exec_t:s0 tclass=db_procedure name="pg_catalog.int4eq(integer,integer)" permissive=0
ALTER TABLE regtest_table ADD CONSTRAINT test_ck CHECK (b like '%abc%') NOT VALID;      -- not supported
ALTER TABLE regtest_table VALIDATE CONSTRAINT test_ck;  -- not supported
LOG:  SELinux: allowed { execute } scontext=unconfined_u:unconfined_r:sepgsql_regtest_superuser_t:s0 tcontext=system_u:object_r:sepgsql_proc_exec_t:s0 tclass=db_procedure name="pg_catalog.textlike(pg_catalog.text,pg_catalog.text)" permissive=0
LOG:  SELinux: allowed { execute } scontext=unconfined_u:unconfined_r:sepgsql_regtest_superuser_t:s0 tcontext=system_u:object_r:sepgsql_proc_exec_t:s0 tclass=db_procedure name="pg_catalog.textlike(pg_catalog.text,pg_catalog.text)" permissive=0
ALTER TABLE regtest_table DROP CONSTRAINT test_ck;      -- not supported
CREATE TRIGGER regtest_test_trig BEFORE UPDATE ON regtest_table
    FOR EACH ROW EXECUTE PROCEDURE suppress_redundant_updates_trigger();
ALTER TABLE regtest_table DISABLE TRIGGER regtest_test_trig;
LOG:  SELinux: allowed { setattr } scontext=unconfined_u:unconfined_r:sepgsql_regtest_superuser_t:s0 tcontext=unconfined_u:object_r:sepgsql_table_t:s0 tclass=db_table name="regtest_schema_2.regtest_table" permissive=0
ALTER TABLE regtest_table ENABLE  TRIGGER regtest_test_trig;
LOG:  SELinux: allowed { setattr } scontext=unconfined_u:unconfined_r:sepgsql_regtest_superuser_t:s0 tcontext=unconfined_u:object_r:sepgsql_table_t:s0 tclass=db_table name="regtest_schema_2.regtest_table" permissive=0
CREATE RULE regtest_test_rule AS ON INSERT TO regtest_table_3 DO ALSO NOTHING;
ALTER TABLE regtest_table_3 DISABLE RULE regtest_test_rule;
LOG:  SELinux: allowed { setattr } scontext=unconfined_u:unconfined_r:sepgsql_regtest_superuser_t:s0 tcontext=unconfined_u:object_r:sepgsql_table_t:s0 tclass=db_table name="regtest_schema.regtest_table_3" permissive=0
ALTER TABLE regtest_table_3 ENABLE RULE regtest_test_rule;
LOG:  SELinux: allowed { setattr } scontext=unconfined_u:unconfined_r:sepgsql_regtest_superuser_t:s0 tcontext=unconfined_u:object_r:sepgsql_table_t:s0 tclass=db_table name="regtest_schema.regtest_table_3" permissive=0
ALTER TABLE regtest_table SET (fillfactor = 75);
LOG:  SELinux: allowed { setattr } scontext=unconfined_u:unconfined_r:sepgsql_regtest_superuser_t:s0 tcontext=unconfined_u:object_r:sepgsql_table_t:s0 tclass=db_table name="regtest_schema_2.regtest_table" permissive=0
ALTER TABLE regtest_table RESET (fillfactor);
LOG:  SELinux: allowed { setattr } scontext=unconfined_u:unconfined_r:sepgsql_regtest_superuser_t:s0 tcontext=unconfined_u:object_r:sepgsql_table_t:s0 tclass=db_table name="regtest_schema_2.regtest_table" permissive=0
ALTER TABLE regtest_table_2 NO INHERIT regtest_table;   -- not supported
ALTER TABLE regtest_table_2 INHERIT regtest_table;      -- not supported
ALTER TABLE regtest_table SET TABLESPACE pg_default;
LOG:  SELinux: allowed { setattr } scontext=unconfined_u:unconfined_r:sepgsql_regtest_superuser_t:s0 tcontext=unconfined_u:object_r:sepgsql_table_t:s0 tclass=db_table name="regtest_schema_2.regtest_table" permissive=0
---
-- partitioned table parent
ALTER TABLE regtest_ptable ADD COLUMN d float;
LOG:  SELinux: allowed { search } scontext=unconfined_u:unconfined_r:sepgsql_regtest_superuser_t:s0 tcontext=system_u:object_r:sepgsql_schema_t:s0 tclass=db_schema name="pg_catalog" permissive=0
LINE 1: ALTER TABLE regtest_ptable ADD COLUMN d float;
                                                ^
LOG:  SELinux: allowed { search } scontext=unconfined_u:unconfined_r:sepgsql_regtest_superuser_t:s0 tcontext=system_u:object_r:sepgsql_schema_t:s0 tclass=db_schema name="pg_catalog" permissive=0
LOG:  SELinux: allowed { create } scontext=unconfined_u:unconfined_r:sepgsql_regtest_superuser_t:s0 tcontext=unconfined_u:object_r:sepgsql_table_t:s0 tclass=db_column name="regtest_schema_2.regtest_ptable.d" permissive=0
LOG:  SELinux: allowed { search } scontext=unconfined_u:unconfined_r:sepgsql_regtest_superuser_t:s0 tcontext=system_u:object_r:sepgsql_schema_t:s0 tclass=db_schema name="pg_catalog" permissive=0
LOG:  SELinux: allowed { create } scontext=unconfined_u:unconfined_r:sepgsql_regtest_superuser_t:s0 tcontext=unconfined_u:object_r:sepgsql_table_t:s0 tclass=db_column name="regtest_schema_2.regtest_table_part.d" permissive=0
LOG:  SELinux: allowed { search } scontext=unconfined_u:unconfined_r:sepgsql_regtest_superuser_t:s0 tcontext=system_u:object_r:sepgsql_schema_t:s0 tclass=db_schema name="pg_catalog" permissive=0
LOG:  SELinux: allowed { create } scontext=unconfined_u:unconfined_r:sepgsql_regtest_superuser_t:s0 tcontext=unconfined_u:object_r:sepgsql_table_t:s0 tclass=db_column name="regtest_schema.regtest_ptable_1_tens.d" permissive=0
ALTER TABLE regtest_ptable DROP COLUMN d;
LOG:  SELinux: allowed { drop } scontext=unconfined_u:unconfined_r:sepgsql_regtest_superuser_t:s0 tcontext=unconfined_u:object_r:sepgsql_table_t:s0 tclass=db_column name="regtest_schema_2.regtest_table_part.d" permissive=0
LOG:  SELinux: allowed { drop } scontext=unconfined_u:unconfined_r:sepgsql_regtest_superuser_t:s0 tcontext=unconfined_u:object_r:sepgsql_table_t:s0 tclass=db_column name="regtest_schema.regtest_ptable_1_tens.d" permissive=0
LOG:  SELinux: allowed { drop } scontext=unconfined_u:unconfined_r:sepgsql_regtest_superuser_t:s0 tcontext=unconfined_u:object_r:sepgsql_table_t:s0 tclass=db_column name="regtest_schema_2.regtest_ptable.d" permissive=0
ALTER TABLE regtest_ptable ALTER p SET DEFAULT 'abcd';   -- not supported by sepgsql
ALTER TABLE regtest_ptable ALTER p SET DEFAULT 'XYZ';    -- not supported by sepgsql
ALTER TABLE regtest_ptable ALTER p DROP DEFAULT;         -- not supported by sepgsql
ALTER TABLE regtest_ptable ALTER p SET NOT NULL;
LOG:  SELinux: allowed { setattr } scontext=unconfined_u:unconfined_r:sepgsql_regtest_superuser_t:s0 tcontext=unconfined_u:object_r:sepgsql_table_t:s0 tclass=db_column name="regtest_schema_2.regtest_ptable.p" permissive=0
LOG:  SELinux: allowed { setattr } scontext=unconfined_u:unconfined_r:sepgsql_regtest_superuser_t:s0 tcontext=unconfined_u:object_r:sepgsql_table_t:s0 tclass=db_column name="regtest_schema_2.regtest_table_part.p" permissive=0
LOG:  SELinux: allowed { setattr } scontext=unconfined_u:unconfined_r:sepgsql_regtest_superuser_t:s0 tcontext=unconfined_u:object_r:sepgsql_table_t:s0 tclass=db_column name="regtest_schema.regtest_ptable_1_tens.p" permissive=0
ALTER TABLE regtest_ptable ALTER p DROP NOT NULL;
LOG:  SELinux: allowed { setattr } scontext=unconfined_u:unconfined_r:sepgsql_regtest_superuser_t:s0 tcontext=unconfined_u:object_r:sepgsql_table_t:s0 tclass=db_column name="regtest_schema_2.regtest_ptable.p" permissive=0
ALTER TABLE regtest_ptable ALTER p SET STATISTICS -1;
LOG:  SELinux: allowed { setattr } scontext=unconfined_u:unconfined_r:sepgsql_regtest_superuser_t:s0 tcontext=unconfined_u:object_r:sepgsql_table_t:s0 tclass=db_column name="regtest_schema_2.regtest_ptable.p" permissive=0
LOG:  SELinux: allowed { setattr } scontext=unconfined_u:unconfined_r:sepgsql_regtest_superuser_t:s0 tcontext=unconfined_u:object_r:sepgsql_table_t:s0 tclass=db_column name="regtest_schema_2.regtest_table_part.p" permissive=0
LOG:  SELinux: allowed { setattr } scontext=unconfined_u:unconfined_r:sepgsql_regtest_superuser_t:s0 tcontext=unconfined_u:object_r:sepgsql_table_t:s0 tclass=db_column name="regtest_schema.regtest_ptable_1_tens.p" permissive=0
ALTER TABLE regtest_ptable ALTER p SET (n_distinct = 999);
LOG:  SELinux: allowed { setattr } scontext=unconfined_u:unconfined_r:sepgsql_regtest_superuser_t:s0 tcontext=unconfined_u:object_r:sepgsql_table_t:s0 tclass=db_column name="regtest_schema_2.regtest_ptable.p" permissive=0
ALTER TABLE regtest_ptable ALTER p SET STORAGE PLAIN;
LOG:  SELinux: allowed { setattr } scontext=unconfined_u:unconfined_r:sepgsql_regtest_superuser_t:s0 tcontext=unconfined_u:object_r:sepgsql_table_t:s0 tclass=db_column name="regtest_schema_2.regtest_ptable.p" permissive=0
LOG:  SELinux: allowed { setattr } scontext=unconfined_u:unconfined_r:sepgsql_regtest_superuser_t:s0 tcontext=unconfined_u:object_r:sepgsql_table_t:s0 tclass=db_column name="regtest_schema_2.regtest_table_part.p" permissive=0
LOG:  SELinux: allowed { setattr } scontext=unconfined_u:unconfined_r:sepgsql_regtest_superuser_t:s0 tcontext=unconfined_u:object_r:sepgsql_table_t:s0 tclass=db_column name="regtest_schema.regtest_ptable_1_tens.p" permissive=0
ALTER TABLE regtest_ptable ADD CONSTRAINT test_ck CHECK (p like '%abc%') NOT VALID;      -- not supported by sepgsql
ALTER TABLE regtest_ptable DROP CONSTRAINT test_ck;      -- not supported by sepgsql
ALTER TABLE regtest_ptable SET TABLESPACE pg_default;
LOG:  SELinux: allowed { setattr } scontext=unconfined_u:unconfined_r:sepgsql_regtest_superuser_t:s0 tcontext=unconfined_u:object_r:sepgsql_table_t:s0 tclass=db_table name="regtest_schema_2.regtest_ptable" permissive=0
-- partitioned table child
ALTER TABLE regtest_table_part ALTER p SET DEFAULT 'abcd';   -- not supported by sepgsql
ALTER TABLE regtest_table_part ALTER p SET DEFAULT 'XYZ';    -- not supported by sepgsql
ALTER TABLE regtest_table_part ALTER p DROP DEFAULT;         -- not supported by sepgsql
ALTER TABLE regtest_table_part ALTER p SET NOT NULL;
LOG:  SELinux: allowed { setattr } scontext=unconfined_u:unconfined_r:sepgsql_regtest_superuser_t:s0 tcontext=unconfined_u:object_r:sepgsql_table_t:s0 tclass=db_column name="regtest_schema_2.regtest_table_part.p" permissive=0
ALTER TABLE regtest_table_part ALTER p DROP NOT NULL;
LOG:  SELinux: allowed { setattr } scontext=unconfined_u:unconfined_r:sepgsql_regtest_superuser_t:s0 tcontext=unconfined_u:object_r:sepgsql_table_t:s0 tclass=db_column name="regtest_schema_2.regtest_table_part.p" permissive=0
ALTER TABLE regtest_table_part ALTER p SET STATISTICS -1;
LOG:  SELinux: allowed { setattr } scontext=unconfined_u:unconfined_r:sepgsql_regtest_superuser_t:s0 tcontext=unconfined_u:object_r:sepgsql_table_t:s0 tclass=db_column name="regtest_schema_2.regtest_table_part.p" permissive=0
ALTER TABLE regtest_table_part ALTER p SET (n_distinct = 999);
LOG:  SELinux: allowed { setattr } scontext=unconfined_u:unconfined_r:sepgsql_regtest_superuser_t:s0 tcontext=unconfined_u:object_r:sepgsql_table_t:s0 tclass=db_column name="regtest_schema_2.regtest_table_part.p" permissive=0
ALTER TABLE regtest_table_part ALTER p SET STORAGE PLAIN;
LOG:  SELinux: allowed { setattr } scontext=unconfined_u:unconfined_r:sepgsql_regtest_superuser_t:s0 tcontext=unconfined_u:object_r:sepgsql_table_t:s0 tclass=db_column name="regtest_schema_2.regtest_table_part.p" permissive=0
ALTER TABLE regtest_table_part ADD CONSTRAINT test_ck CHECK (p like '%abc%') NOT VALID;      -- not supported by sepgsql
ALTER TABLE regtest_table_part VALIDATE CONSTRAINT test_ck;  -- not supported by sepgsql
LOG:  SELinux: allowed { execute } scontext=unconfined_u:unconfined_r:sepgsql_regtest_superuser_t:s0 tcontext=system_u:object_r:sepgsql_proc_exec_t:s0 tclass=db_procedure name="pg_catalog.textlike(pg_catalog.text,pg_catalog.text)" permissive=0
ALTER TABLE regtest_table_part DROP CONSTRAINT test_ck;      -- not supported by sepgsql
CREATE TRIGGER regtest_part_test_trig BEFORE UPDATE ON regtest_table_part
    FOR EACH ROW EXECUTE PROCEDURE suppress_redundant_updates_trigger();
ALTER TABLE regtest_table_part DISABLE TRIGGER regtest_part_test_trig;
LOG:  SELinux: allowed { setattr } scontext=unconfined_u:unconfined_r:sepgsql_regtest_superuser_t:s0 tcontext=unconfined_u:object_r:sepgsql_table_t:s0 tclass=db_table name="regtest_schema_2.regtest_table_part" permissive=0
ALTER TABLE regtest_table_part ENABLE  TRIGGER regtest_part_test_trig;
LOG:  SELinux: allowed { setattr } scontext=unconfined_u:unconfined_r:sepgsql_regtest_superuser_t:s0 tcontext=unconfined_u:object_r:sepgsql_table_t:s0 tclass=db_table name="regtest_schema_2.regtest_table_part" permissive=0
ALTER TABLE regtest_table_part SET (fillfactor = 75);
LOG:  SELinux: allowed { setattr } scontext=unconfined_u:unconfined_r:sepgsql_regtest_superuser_t:s0 tcontext=unconfined_u:object_r:sepgsql_table_t:s0 tclass=db_table name="regtest_schema_2.regtest_table_part" permissive=0
ALTER TABLE regtest_table_part RESET (fillfactor);
LOG:  SELinux: allowed { setattr } scontext=unconfined_u:unconfined_r:sepgsql_regtest_superuser_t:s0 tcontext=unconfined_u:object_r:sepgsql_table_t:s0 tclass=db_table name="regtest_schema_2.regtest_table_part" permissive=0
ALTER TABLE regtest_table_part SET TABLESPACE pg_default;
LOG:  SELinux: allowed { setattr } scontext=unconfined_u:unconfined_r:sepgsql_regtest_superuser_t:s0 tcontext=unconfined_u:object_r:sepgsql_table_t:s0 tclass=db_table name="regtest_schema_2.regtest_table_part" permissive=0
---
ALTER VIEW regtest_view SET (security_barrier);
LOG:  SELinux: allowed { setattr } scontext=unconfined_u:unconfined_r:sepgsql_regtest_superuser_t:s0 tcontext=unconfined_u:object_r:sepgsql_view_t:s0 tclass=db_view name="regtest_schema_2.regtest_view" permissive=0
ALTER SEQUENCE regtest_seq INCREMENT BY 10 START WITH 1000;
LOG:  SELinux: allowed { setattr } scontext=unconfined_u:unconfined_r:sepgsql_regtest_superuser_t:s0 tcontext=unconfined_u:object_r:sepgsql_seq_t:s0 tclass=db_sequence name="regtest_schema_2.regtest_seq" permissive=0
--
-- clean-up objects
--
RESET sepgsql.debug_audit;
RESET client_min_messages;
DROP DATABASE sepgsql_test_regression;
DROP SCHEMA regtest_schema CASCADE;
NOTICE:  drop cascades to 4 other objects
DETAIL:  drop cascades to table regtest_table_2
drop cascades to table regtest_table_3
drop cascades to constraint test_fk on table regtest_table
drop cascades to table regtest_ptable_1_tens
DROP SCHEMA regtest_schema_2 CASCADE;
NOTICE:  drop cascades to 5 other objects
DETAIL:  drop cascades to table regtest_table
drop cascades to table regtest_ptable
drop cascades to sequence regtest_seq
drop cascades to view regtest_view
drop cascades to function regtest_func(text)
DROP USER regress_sepgsql_test_user;
