--
-- Regression Test for DDL of Object Permission Checks
--
-- confirm required permissions using audit messages
SELECT sepgsql_getcon();	-- confirm client privilege
              sepgsql_getcon               
-------------------------------------------
 unconfined_u:unconfined_r:unconfined_t:s0
(1 row)

SET sepgsql.debug_audit = true;
SET client_min_messages = LOG;
--
-- CREATE Permission checks
--
CREATE DATABASE regtest_sepgsql_test_database;
LOG:  SELinux: allowed { getattr } scontext=unconfined_u:unconfined_r:unconfined_t:s0 tcontext=system_u:object_r:sepgsql_db_t:s0 tclass=db_database name="database template1"
LOG:  SELinux: allowed { create } scontext=unconfined_u:unconfined_r:unconfined_t:s0 tcontext=unconfined_u:object_r:sepgsql_db_t:s0 tclass=db_database name="database regtest_sepgsql_test_database"
CREATE USER regtest_sepgsql_test_user;
CREATE SCHEMA regtest_schema;
LOG:  SELinux: allowed { create } scontext=unconfined_u:unconfined_r:unconfined_t:s0 tcontext=unconfined_u:object_r:sepgsql_schema_t:s0 tclass=db_schema name="schema regtest_schema"
GRANT ALL ON SCHEMA regtest_schema TO regtest_sepgsql_test_user;
SET search_path = regtest_schema, public;
CREATE TABLE regtest_table (x serial primary key, y text);
NOTICE:  CREATE TABLE will create implicit sequence "regtest_table_x_seq" for serial column "regtest_table.x"
LOG:  SELinux: allowed { add_name } scontext=unconfined_u:unconfined_r:unconfined_t:s0 tcontext=unconfined_u:object_r:sepgsql_schema_t:s0 tclass=db_schema name="schema regtest_schema"
LOG:  SELinux: allowed { create } scontext=unconfined_u:unconfined_r:unconfined_t:s0 tcontext=unconfined_u:object_r:sepgsql_seq_t:s0 tclass=db_sequence name="sequence regtest_table_x_seq"
LOG:  SELinux: allowed { add_name } scontext=unconfined_u:unconfined_r:unconfined_t:s0 tcontext=unconfined_u:object_r:sepgsql_schema_t:s0 tclass=db_schema name="schema regtest_schema"
LOG:  SELinux: allowed { create } scontext=unconfined_u:unconfined_r:unconfined_t:s0 tcontext=unconfined_u:object_r:sepgsql_table_t:s0 tclass=db_table name="table regtest_table"
LOG:  SELinux: allowed { create } scontext=unconfined_u:unconfined_r:unconfined_t:s0 tcontext=unconfined_u:object_r:sepgsql_table_t:s0 tclass=db_column name="table regtest_table column tableoid"
LOG:  SELinux: allowed { create } scontext=unconfined_u:unconfined_r:unconfined_t:s0 tcontext=unconfined_u:object_r:sepgsql_table_t:s0 tclass=db_column name="table regtest_table column cmax"
LOG:  SELinux: allowed { create } scontext=unconfined_u:unconfined_r:unconfined_t:s0 tcontext=unconfined_u:object_r:sepgsql_table_t:s0 tclass=db_column name="table regtest_table column xmax"
LOG:  SELinux: allowed { create } scontext=unconfined_u:unconfined_r:unconfined_t:s0 tcontext=unconfined_u:object_r:sepgsql_table_t:s0 tclass=db_column name="table regtest_table column cmin"
LOG:  SELinux: allowed { create } scontext=unconfined_u:unconfined_r:unconfined_t:s0 tcontext=unconfined_u:object_r:sepgsql_table_t:s0 tclass=db_column name="table regtest_table column xmin"
LOG:  SELinux: allowed { create } scontext=unconfined_u:unconfined_r:unconfined_t:s0 tcontext=unconfined_u:object_r:sepgsql_table_t:s0 tclass=db_column name="table regtest_table column ctid"
LOG:  SELinux: allowed { create } scontext=unconfined_u:unconfined_r:unconfined_t:s0 tcontext=unconfined_u:object_r:sepgsql_table_t:s0 tclass=db_column name="table regtest_table column x"
LOG:  SELinux: allowed { create } scontext=unconfined_u:unconfined_r:unconfined_t:s0 tcontext=unconfined_u:object_r:sepgsql_table_t:s0 tclass=db_column name="table regtest_table column y"
NOTICE:  CREATE TABLE / PRIMARY KEY will create implicit index "regtest_table_pkey" for table "regtest_table"
ALTER TABLE regtest_table ADD COLUMN z int;
LOG:  SELinux: allowed { create } scontext=unconfined_u:unconfined_r:unconfined_t:s0 tcontext=unconfined_u:object_r:sepgsql_table_t:s0 tclass=db_column name="table regtest_table column z"
CREATE TABLE regtest_table_2 (a int) WITH OIDS;
LOG:  SELinux: allowed { add_name } scontext=unconfined_u:unconfined_r:unconfined_t:s0 tcontext=unconfined_u:object_r:sepgsql_schema_t:s0 tclass=db_schema name="schema regtest_schema"
LOG:  SELinux: allowed { create } scontext=unconfined_u:unconfined_r:unconfined_t:s0 tcontext=unconfined_u:object_r:sepgsql_table_t:s0 tclass=db_table name="table regtest_table_2"
LOG:  SELinux: allowed { create } scontext=unconfined_u:unconfined_r:unconfined_t:s0 tcontext=unconfined_u:object_r:sepgsql_table_t:s0 tclass=db_column name="table regtest_table_2 column tableoid"
LOG:  SELinux: allowed { create } scontext=unconfined_u:unconfined_r:unconfined_t:s0 tcontext=unconfined_u:object_r:sepgsql_table_t:s0 tclass=db_column name="table regtest_table_2 column cmax"
LOG:  SELinux: allowed { create } scontext=unconfined_u:unconfined_r:unconfined_t:s0 tcontext=unconfined_u:object_r:sepgsql_table_t:s0 tclass=db_column name="table regtest_table_2 column xmax"
LOG:  SELinux: allowed { create } scontext=unconfined_u:unconfined_r:unconfined_t:s0 tcontext=unconfined_u:object_r:sepgsql_table_t:s0 tclass=db_column name="table regtest_table_2 column cmin"
LOG:  SELinux: allowed { create } scontext=unconfined_u:unconfined_r:unconfined_t:s0 tcontext=unconfined_u:object_r:sepgsql_table_t:s0 tclass=db_column name="table regtest_table_2 column xmin"
LOG:  SELinux: allowed { create } scontext=unconfined_u:unconfined_r:unconfined_t:s0 tcontext=unconfined_u:object_r:sepgsql_table_t:s0 tclass=db_column name="table regtest_table_2 column oid"
LOG:  SELinux: allowed { create } scontext=unconfined_u:unconfined_r:unconfined_t:s0 tcontext=unconfined_u:object_r:sepgsql_table_t:s0 tclass=db_column name="table regtest_table_2 column ctid"
LOG:  SELinux: allowed { create } scontext=unconfined_u:unconfined_r:unconfined_t:s0 tcontext=unconfined_u:object_r:sepgsql_table_t:s0 tclass=db_column name="table regtest_table_2 column a"
-- corresponding toast table should not have label and permission checks
ALTER TABLE regtest_table_2 ADD COLUMN b text;
LOG:  SELinux: allowed { create } scontext=unconfined_u:unconfined_r:unconfined_t:s0 tcontext=unconfined_u:object_r:sepgsql_table_t:s0 tclass=db_column name="table regtest_table_2 column b"
-- VACUUM FULL internally create a new table and swap them later.
VACUUM FULL regtest_table;
CREATE VIEW regtest_view AS SELECT * FROM regtest_table WHERE x < 100;
LOG:  SELinux: allowed { add_name } scontext=unconfined_u:unconfined_r:unconfined_t:s0 tcontext=unconfined_u:object_r:sepgsql_schema_t:s0 tclass=db_schema name="schema regtest_schema"
LOG:  SELinux: allowed { create } scontext=unconfined_u:unconfined_r:unconfined_t:s0 tcontext=unconfined_u:object_r:sepgsql_view_t:s0 tclass=db_view name="view regtest_view"
CREATE SEQUENCE regtest_seq;
LOG:  SELinux: allowed { add_name } scontext=unconfined_u:unconfined_r:unconfined_t:s0 tcontext=unconfined_u:object_r:sepgsql_schema_t:s0 tclass=db_schema name="schema regtest_schema"
LOG:  SELinux: allowed { create } scontext=unconfined_u:unconfined_r:unconfined_t:s0 tcontext=unconfined_u:object_r:sepgsql_seq_t:s0 tclass=db_sequence name="sequence regtest_seq"
CREATE TYPE regtest_comptype AS (a int, b text);
CREATE FUNCTION regtest_func(text,int[]) RETURNS bool LANGUAGE plpgsql
	   AS 'BEGIN RAISE NOTICE ''regtest_func => %'', $1; RETURN true; END';
LOG:  SELinux: allowed { add_name } scontext=unconfined_u:unconfined_r:unconfined_t:s0 tcontext=unconfined_u:object_r:sepgsql_schema_t:s0 tclass=db_schema name="schema regtest_schema"
LOG:  SELinux: allowed { create } scontext=unconfined_u:unconfined_r:unconfined_t:s0 tcontext=unconfined_u:object_r:sepgsql_proc_exec_t:s0 tclass=db_procedure name="function regtest_func(text,integer[])"
CREATE AGGREGATE regtest_agg (
           sfunc1 = int4pl, basetype = int4, stype1 = int4, initcond1 = '0'
);
LOG:  SELinux: allowed { add_name } scontext=unconfined_u:unconfined_r:unconfined_t:s0 tcontext=unconfined_u:object_r:sepgsql_schema_t:s0 tclass=db_schema name="schema regtest_schema"
LOG:  SELinux: allowed { create } scontext=unconfined_u:unconfined_r:unconfined_t:s0 tcontext=unconfined_u:object_r:sepgsql_proc_exec_t:s0 tclass=db_procedure name="function regtest_agg(integer)"
-- CREATE objects owned by others
SET SESSION AUTHORIZATION regtest_sepgsql_test_user;
SET search_path = regtest_schema, public;
CREATE TABLE regtest_table_3 (x int, y serial);
NOTICE:  CREATE TABLE will create implicit sequence "regtest_table_3_y_seq" for serial column "regtest_table_3.y"
LOG:  SELinux: allowed { add_name } scontext=unconfined_u:unconfined_r:unconfined_t:s0 tcontext=unconfined_u:object_r:sepgsql_schema_t:s0 tclass=db_schema name="schema regtest_schema"
LOG:  SELinux: allowed { create } scontext=unconfined_u:unconfined_r:unconfined_t:s0 tcontext=unconfined_u:object_r:sepgsql_seq_t:s0 tclass=db_sequence name="sequence regtest_table_3_y_seq"
LOG:  SELinux: allowed { add_name } scontext=unconfined_u:unconfined_r:unconfined_t:s0 tcontext=unconfined_u:object_r:sepgsql_schema_t:s0 tclass=db_schema name="schema regtest_schema"
LOG:  SELinux: allowed { create } scontext=unconfined_u:unconfined_r:unconfined_t:s0 tcontext=unconfined_u:object_r:sepgsql_table_t:s0 tclass=db_table name="table regtest_table_3"
LOG:  SELinux: allowed { create } scontext=unconfined_u:unconfined_r:unconfined_t:s0 tcontext=unconfined_u:object_r:sepgsql_table_t:s0 tclass=db_column name="table regtest_table_3 column tableoid"
LOG:  SELinux: allowed { create } scontext=unconfined_u:unconfined_r:unconfined_t:s0 tcontext=unconfined_u:object_r:sepgsql_table_t:s0 tclass=db_column name="table regtest_table_3 column cmax"
LOG:  SELinux: allowed { create } scontext=unconfined_u:unconfined_r:unconfined_t:s0 tcontext=unconfined_u:object_r:sepgsql_table_t:s0 tclass=db_column name="table regtest_table_3 column xmax"
LOG:  SELinux: allowed { create } scontext=unconfined_u:unconfined_r:unconfined_t:s0 tcontext=unconfined_u:object_r:sepgsql_table_t:s0 tclass=db_column name="table regtest_table_3 column cmin"
LOG:  SELinux: allowed { create } scontext=unconfined_u:unconfined_r:unconfined_t:s0 tcontext=unconfined_u:object_r:sepgsql_table_t:s0 tclass=db_column name="table regtest_table_3 column xmin"
LOG:  SELinux: allowed { create } scontext=unconfined_u:unconfined_r:unconfined_t:s0 tcontext=unconfined_u:object_r:sepgsql_table_t:s0 tclass=db_column name="table regtest_table_3 column ctid"
LOG:  SELinux: allowed { create } scontext=unconfined_u:unconfined_r:unconfined_t:s0 tcontext=unconfined_u:object_r:sepgsql_table_t:s0 tclass=db_column name="table regtest_table_3 column x"
LOG:  SELinux: allowed { create } scontext=unconfined_u:unconfined_r:unconfined_t:s0 tcontext=unconfined_u:object_r:sepgsql_table_t:s0 tclass=db_column name="table regtest_table_3 column y"
CREATE VIEW regtest_view_2 AS SELECT * FROM regtest_table_3 WHERE x < y;
LOG:  SELinux: allowed { add_name } scontext=unconfined_u:unconfined_r:unconfined_t:s0 tcontext=unconfined_u:object_r:sepgsql_schema_t:s0 tclass=db_schema name="schema regtest_schema"
LOG:  SELinux: allowed { create } scontext=unconfined_u:unconfined_r:unconfined_t:s0 tcontext=unconfined_u:object_r:sepgsql_view_t:s0 tclass=db_view name="view regtest_view_2"
CREATE FUNCTION regtest_func_2(int) RETURNS bool LANGUAGE plpgsql
           AS 'BEGIN RETURN $1 * $1 < 100; END';
LOG:  SELinux: allowed { add_name } scontext=unconfined_u:unconfined_r:unconfined_t:s0 tcontext=unconfined_u:object_r:sepgsql_schema_t:s0 tclass=db_schema name="schema regtest_schema"
LOG:  SELinux: allowed { create } scontext=unconfined_u:unconfined_r:unconfined_t:s0 tcontext=unconfined_u:object_r:sepgsql_proc_exec_t:s0 tclass=db_procedure name="function regtest_func_2(integer)"
RESET SESSION AUTHORIZATION;
--
-- DROP Permission checks (with clean-up)
--
DROP FUNCTION regtest_func(text,int[]);
LOG:  SELinux: allowed { remove_name } scontext=unconfined_u:unconfined_r:unconfined_t:s0 tcontext=unconfined_u:object_r:sepgsql_schema_t:s0 tclass=db_schema name="schema regtest_schema"
LOG:  SELinux: allowed { drop } scontext=unconfined_u:unconfined_r:unconfined_t:s0 tcontext=unconfined_u:object_r:sepgsql_proc_exec_t:s0 tclass=db_procedure name="function regtest_func(text,integer[])"
DROP AGGREGATE regtest_agg(int);
LOG:  SELinux: allowed { remove_name } scontext=unconfined_u:unconfined_r:unconfined_t:s0 tcontext=unconfined_u:object_r:sepgsql_schema_t:s0 tclass=db_schema name="schema regtest_schema"
LOG:  SELinux: allowed { drop } scontext=unconfined_u:unconfined_r:unconfined_t:s0 tcontext=unconfined_u:object_r:sepgsql_proc_exec_t:s0 tclass=db_procedure name="function regtest_agg(integer)"
DROP SEQUENCE regtest_seq;
LOG:  SELinux: allowed { remove_name } scontext=unconfined_u:unconfined_r:unconfined_t:s0 tcontext=unconfined_u:object_r:sepgsql_schema_t:s0 tclass=db_schema name="schema regtest_schema"
LOG:  SELinux: allowed { drop } scontext=unconfined_u:unconfined_r:unconfined_t:s0 tcontext=unconfined_u:object_r:sepgsql_seq_t:s0 tclass=db_sequence name="sequence regtest_seq"
DROP VIEW regtest_view;
LOG:  SELinux: allowed { remove_name } scontext=unconfined_u:unconfined_r:unconfined_t:s0 tcontext=unconfined_u:object_r:sepgsql_schema_t:s0 tclass=db_schema name="schema regtest_schema"
LOG:  SELinux: allowed { drop } scontext=unconfined_u:unconfined_r:unconfined_t:s0 tcontext=unconfined_u:object_r:sepgsql_view_t:s0 tclass=db_view name="view regtest_view"
ALTER TABLE regtest_table DROP COLUMN y;
LOG:  SELinux: allowed { drop } scontext=unconfined_u:unconfined_r:unconfined_t:s0 tcontext=unconfined_u:object_r:sepgsql_table_t:s0 tclass=db_column name="table regtest_table column y"
ALTER TABLE regtest_table_2 SET WITHOUT OIDS;
LOG:  SELinux: allowed { drop } scontext=unconfined_u:unconfined_r:unconfined_t:s0 tcontext=unconfined_u:object_r:sepgsql_table_t:s0 tclass=db_column name="table regtest_table_2 column oid"
DROP TABLE regtest_table;
LOG:  SELinux: allowed { remove_name } scontext=unconfined_u:unconfined_r:unconfined_t:s0 tcontext=unconfined_u:object_r:sepgsql_schema_t:s0 tclass=db_schema name="schema regtest_schema"
LOG:  SELinux: allowed { drop } scontext=unconfined_u:unconfined_r:unconfined_t:s0 tcontext=unconfined_u:object_r:sepgsql_seq_t:s0 tclass=db_sequence name="sequence regtest_table_x_seq"
LOG:  SELinux: allowed { remove_name } scontext=unconfined_u:unconfined_r:unconfined_t:s0 tcontext=unconfined_u:object_r:sepgsql_schema_t:s0 tclass=db_schema name="schema regtest_schema"
LOG:  SELinux: allowed { drop } scontext=unconfined_u:unconfined_r:unconfined_t:s0 tcontext=unconfined_u:object_r:sepgsql_table_t:s0 tclass=db_table name="table regtest_table"
LOG:  SELinux: allowed { drop } scontext=unconfined_u:unconfined_r:unconfined_t:s0 tcontext=unconfined_u:object_r:sepgsql_table_t:s0 tclass=db_column name="table regtest_table column tableoid"
LOG:  SELinux: allowed { drop } scontext=unconfined_u:unconfined_r:unconfined_t:s0 tcontext=unconfined_u:object_r:sepgsql_table_t:s0 tclass=db_column name="table regtest_table column cmax"
LOG:  SELinux: allowed { drop } scontext=unconfined_u:unconfined_r:unconfined_t:s0 tcontext=unconfined_u:object_r:sepgsql_table_t:s0 tclass=db_column name="table regtest_table column xmax"
LOG:  SELinux: allowed { drop } scontext=unconfined_u:unconfined_r:unconfined_t:s0 tcontext=unconfined_u:object_r:sepgsql_table_t:s0 tclass=db_column name="table regtest_table column cmin"
LOG:  SELinux: allowed { drop } scontext=unconfined_u:unconfined_r:unconfined_t:s0 tcontext=unconfined_u:object_r:sepgsql_table_t:s0 tclass=db_column name="table regtest_table column xmin"
LOG:  SELinux: allowed { drop } scontext=unconfined_u:unconfined_r:unconfined_t:s0 tcontext=unconfined_u:object_r:sepgsql_table_t:s0 tclass=db_column name="table regtest_table column ctid"
LOG:  SELinux: allowed { drop } scontext=unconfined_u:unconfined_r:unconfined_t:s0 tcontext=unconfined_u:object_r:sepgsql_table_t:s0 tclass=db_column name="table regtest_table column x"
LOG:  SELinux: allowed { drop } scontext=unconfined_u:unconfined_r:unconfined_t:s0 tcontext=unconfined_u:object_r:sepgsql_table_t:s0 tclass=db_column name="table regtest_table column z"
DROP OWNED BY regtest_sepgsql_test_user;
LOG:  SELinux: allowed { remove_name } scontext=unconfined_u:unconfined_r:unconfined_t:s0 tcontext=unconfined_u:object_r:sepgsql_schema_t:s0 tclass=db_schema name="schema regtest_schema"
LOG:  SELinux: allowed { drop } scontext=unconfined_u:unconfined_r:unconfined_t:s0 tcontext=unconfined_u:object_r:sepgsql_proc_exec_t:s0 tclass=db_procedure name="function regtest_func_2(integer)"
LOG:  SELinux: allowed { remove_name } scontext=unconfined_u:unconfined_r:unconfined_t:s0 tcontext=unconfined_u:object_r:sepgsql_schema_t:s0 tclass=db_schema name="schema regtest_schema"
LOG:  SELinux: allowed { drop } scontext=unconfined_u:unconfined_r:unconfined_t:s0 tcontext=unconfined_u:object_r:sepgsql_view_t:s0 tclass=db_view name="view regtest_view_2"
LOG:  SELinux: allowed { remove_name } scontext=unconfined_u:unconfined_r:unconfined_t:s0 tcontext=unconfined_u:object_r:sepgsql_schema_t:s0 tclass=db_schema name="schema regtest_schema"
LOG:  SELinux: allowed { drop } scontext=unconfined_u:unconfined_r:unconfined_t:s0 tcontext=unconfined_u:object_r:sepgsql_seq_t:s0 tclass=db_sequence name="sequence regtest_table_3_y_seq"
LOG:  SELinux: allowed { remove_name } scontext=unconfined_u:unconfined_r:unconfined_t:s0 tcontext=unconfined_u:object_r:sepgsql_schema_t:s0 tclass=db_schema name="schema regtest_schema"
LOG:  SELinux: allowed { drop } scontext=unconfined_u:unconfined_r:unconfined_t:s0 tcontext=unconfined_u:object_r:sepgsql_table_t:s0 tclass=db_table name="table regtest_table_3"
LOG:  SELinux: allowed { drop } scontext=unconfined_u:unconfined_r:unconfined_t:s0 tcontext=unconfined_u:object_r:sepgsql_table_t:s0 tclass=db_column name="table regtest_table_3 column tableoid"
LOG:  SELinux: allowed { drop } scontext=unconfined_u:unconfined_r:unconfined_t:s0 tcontext=unconfined_u:object_r:sepgsql_table_t:s0 tclass=db_column name="table regtest_table_3 column cmax"
LOG:  SELinux: allowed { drop } scontext=unconfined_u:unconfined_r:unconfined_t:s0 tcontext=unconfined_u:object_r:sepgsql_table_t:s0 tclass=db_column name="table regtest_table_3 column xmax"
LOG:  SELinux: allowed { drop } scontext=unconfined_u:unconfined_r:unconfined_t:s0 tcontext=unconfined_u:object_r:sepgsql_table_t:s0 tclass=db_column name="table regtest_table_3 column cmin"
LOG:  SELinux: allowed { drop } scontext=unconfined_u:unconfined_r:unconfined_t:s0 tcontext=unconfined_u:object_r:sepgsql_table_t:s0 tclass=db_column name="table regtest_table_3 column xmin"
LOG:  SELinux: allowed { drop } scontext=unconfined_u:unconfined_r:unconfined_t:s0 tcontext=unconfined_u:object_r:sepgsql_table_t:s0 tclass=db_column name="table regtest_table_3 column ctid"
LOG:  SELinux: allowed { drop } scontext=unconfined_u:unconfined_r:unconfined_t:s0 tcontext=unconfined_u:object_r:sepgsql_table_t:s0 tclass=db_column name="table regtest_table_3 column x"
LOG:  SELinux: allowed { drop } scontext=unconfined_u:unconfined_r:unconfined_t:s0 tcontext=unconfined_u:object_r:sepgsql_table_t:s0 tclass=db_column name="table regtest_table_3 column y"
DROP DATABASE regtest_sepgsql_test_database;
LOG:  SELinux: allowed { drop } scontext=unconfined_u:unconfined_r:unconfined_t:s0 tcontext=unconfined_u:object_r:sepgsql_db_t:s0 tclass=db_database name="database regtest_sepgsql_test_database"
DROP USER regtest_sepgsql_test_user;
DROP SCHEMA IF EXISTS regtest_schema CASCADE;
NOTICE:  drop cascades to 2 other objects
DETAIL:  drop cascades to table regtest_table_2
drop cascades to type regtest_comptype
LOG:  SELinux: allowed { remove_name } scontext=unconfined_u:unconfined_r:unconfined_t:s0 tcontext=unconfined_u:object_r:sepgsql_schema_t:s0 tclass=db_schema name="schema regtest_schema"
LOG:  SELinux: allowed { drop } scontext=unconfined_u:unconfined_r:unconfined_t:s0 tcontext=unconfined_u:object_r:sepgsql_table_t:s0 tclass=db_table name="table regtest_table_2"
LOG:  SELinux: allowed { drop } scontext=unconfined_u:unconfined_r:unconfined_t:s0 tcontext=unconfined_u:object_r:sepgsql_table_t:s0 tclass=db_column name="table regtest_table_2 column tableoid"
LOG:  SELinux: allowed { drop } scontext=unconfined_u:unconfined_r:unconfined_t:s0 tcontext=unconfined_u:object_r:sepgsql_table_t:s0 tclass=db_column name="table regtest_table_2 column cmax"
LOG:  SELinux: allowed { drop } scontext=unconfined_u:unconfined_r:unconfined_t:s0 tcontext=unconfined_u:object_r:sepgsql_table_t:s0 tclass=db_column name="table regtest_table_2 column xmax"
LOG:  SELinux: allowed { drop } scontext=unconfined_u:unconfined_r:unconfined_t:s0 tcontext=unconfined_u:object_r:sepgsql_table_t:s0 tclass=db_column name="table regtest_table_2 column cmin"
LOG:  SELinux: allowed { drop } scontext=unconfined_u:unconfined_r:unconfined_t:s0 tcontext=unconfined_u:object_r:sepgsql_table_t:s0 tclass=db_column name="table regtest_table_2 column xmin"
LOG:  SELinux: allowed { drop } scontext=unconfined_u:unconfined_r:unconfined_t:s0 tcontext=unconfined_u:object_r:sepgsql_table_t:s0 tclass=db_column name="table regtest_table_2 column ctid"
LOG:  SELinux: allowed { drop } scontext=unconfined_u:unconfined_r:unconfined_t:s0 tcontext=unconfined_u:object_r:sepgsql_table_t:s0 tclass=db_column name="table regtest_table_2 column a"
LOG:  SELinux: allowed { drop } scontext=unconfined_u:unconfined_r:unconfined_t:s0 tcontext=unconfined_u:object_r:sepgsql_table_t:s0 tclass=db_column name="table regtest_table_2 column b"
LOG:  SELinux: allowed { drop } scontext=unconfined_u:unconfined_r:unconfined_t:s0 tcontext=unconfined_u:object_r:sepgsql_schema_t:s0 tclass=db_schema name="schema regtest_schema"
