--
-- Universal Newline Support
--
CREATE OR REPLACE FUNCTION newline_lf() RETURNS integer AS
E'x = 100\ny = 23\nreturn x + y\n'
LANGUAGE plpython3u;
CREATE OR REPLACE FUNCTION newline_cr() RETURNS integer AS
E'x = 100\ry = 23\rreturn x + y\r'
LANGUAGE plpython3u;
CREATE OR REPLACE FUNCTION newline_crlf() RETURNS integer AS
E'x = 100\r\ny = 23\r\nreturn x + y\r\n'
LANGUAGE plpython3u;
SELECT newline_lf();
 newline_lf 
------------
        123
(1 row)

SELECT newline_cr();
 newline_cr 
------------
        123
(1 row)

SELECT newline_crlf();
 newline_crlf 
--------------
          123
(1 row)

