CREATE EXTENSION IF NOT EXISTS pg_tde;
SELECT  * FROM pg_tde_key_info();
ERROR:  Principal key does not exists for the database
HINT:  Use set_key interface to set the principal key
SELECT pg_tde_add_database_key_provider_file('incorrect-file-provider',  json_object('foo' VALUE '/tmp/pg_tde_test_keyring.per'));
ERROR:  parse json keyring config: unexpected field foo
SELECT * FROM pg_tde_list_all_database_key_providers();
 id | provider_name | provider_type | options 
----+---------------+---------------+---------
(0 rows)

SELECT pg_tde_add_database_key_provider_file('file-provider','/tmp/pg_tde_test_keyring.per');
 pg_tde_add_database_key_provider_file 
---------------------------------------
                                     1
(1 row)

SELECT * FROM pg_tde_list_all_database_key_providers();
 id | provider_name | provider_type |                          options                           
----+---------------+---------------+------------------------------------------------------------
  1 | file-provider | file          | {"type" : "file", "path" : "/tmp/pg_tde_test_keyring.per"}
(1 row)

SELECT pg_tde_add_database_key_provider_file('file-provider2','/tmp/pg_tde_test_keyring2.per');
 pg_tde_add_database_key_provider_file 
---------------------------------------
                                     2
(1 row)

SELECT * FROM pg_tde_list_all_database_key_providers();
 id | provider_name  | provider_type |                           options                           
----+----------------+---------------+-------------------------------------------------------------
  1 | file-provider  | file          | {"type" : "file", "path" : "/tmp/pg_tde_test_keyring.per"}
  2 | file-provider2 | file          | {"type" : "file", "path" : "/tmp/pg_tde_test_keyring2.per"}
(2 rows)

SELECT pg_tde_verify_key();
ERROR:  principal key not configured for current database
SELECT pg_tde_set_key_using_database_key_provider('test-db-key','file-provider');
 pg_tde_set_key_using_database_key_provider 
--------------------------------------------
 
(1 row)

SELECT pg_tde_verify_key();
 pg_tde_verify_key 
-------------------
 
(1 row)

SELECT pg_tde_change_database_key_provider_file('not-existent-provider','/tmp/pg_tde_test_keyring.per');
ERROR:  key provider "not-existent-provider" does not exists
HINT:  Create the key provider
SELECT * FROM pg_tde_list_all_database_key_providers();
 id | provider_name  | provider_type |                           options                           
----+----------------+---------------+-------------------------------------------------------------
  1 | file-provider  | file          | {"type" : "file", "path" : "/tmp/pg_tde_test_keyring.per"}
  2 | file-provider2 | file          | {"type" : "file", "path" : "/tmp/pg_tde_test_keyring2.per"}
(2 rows)

SELECT pg_tde_change_database_key_provider_file('file-provider','/tmp/pg_tde_test_keyring_other.per');
 pg_tde_change_database_key_provider_file 
------------------------------------------
                                        1
(1 row)

SELECT * FROM pg_tde_list_all_database_key_providers();
 id | provider_name  | provider_type |                             options                              
----+----------------+---------------+------------------------------------------------------------------
  1 | file-provider  | file          | {"type" : "file", "path" : "/tmp/pg_tde_test_keyring_other.per"}
  2 | file-provider2 | file          | {"type" : "file", "path" : "/tmp/pg_tde_test_keyring2.per"}
(2 rows)

SELECT pg_tde_verify_key();
ERROR:  failed to retrieve principal key test-db-key from keyring with ID 1
SELECT pg_tde_change_database_key_provider_file('file-provider',  json_object('foo' VALUE '/tmp/pg_tde_test_keyring.per'));
ERROR:  parse json keyring config: unexpected field foo
SELECT * FROM pg_tde_list_all_database_key_providers();
 id | provider_name  | provider_type |                             options                              
----+----------------+---------------+------------------------------------------------------------------
  1 | file-provider  | file          | {"type" : "file", "path" : "/tmp/pg_tde_test_keyring_other.per"}
  2 | file-provider2 | file          | {"type" : "file", "path" : "/tmp/pg_tde_test_keyring2.per"}
(2 rows)

SELECT pg_tde_add_global_key_provider_file('file-keyring','/tmp/pg_tde_test_keyring.per');
 pg_tde_add_global_key_provider_file 
-------------------------------------
                                  -1
(1 row)

SELECT pg_tde_add_global_key_provider_file('file-keyring2','/tmp/pg_tde_test_keyring2.per');
 pg_tde_add_global_key_provider_file 
-------------------------------------
                                  -2
(1 row)

SELECT id, provider_name FROM pg_tde_list_all_global_key_providers();
 id | provider_name 
----+---------------
 -1 | file-keyring
 -2 | file-keyring2
(2 rows)

-- fails
SELECT pg_tde_delete_database_key_provider('file-provider');
ERROR:  Can't delete a provider which is currently in use
SELECT id, provider_name FROM pg_tde_list_all_database_key_providers();
 id | provider_name  
----+----------------
  1 | file-provider
  2 | file-provider2
(2 rows)

-- works
SELECT pg_tde_delete_database_key_provider('file-provider2');
 pg_tde_delete_database_key_provider 
-------------------------------------
 
(1 row)

SELECT id, provider_name FROM pg_tde_list_all_database_key_providers();
 id | provider_name 
----+---------------
  1 | file-provider
(1 row)

SELECT id, provider_name FROM pg_tde_list_all_global_key_providers();
 id | provider_name 
----+---------------
 -1 | file-keyring
 -2 | file-keyring2
(2 rows)

SELECT pg_tde_set_key_using_global_key_provider('test-db-key', 'file-keyring', false);
 pg_tde_set_key_using_global_key_provider 
------------------------------------------
 
(1 row)

-- fails
SELECT pg_tde_delete_global_key_provider('file-keyring');
ERROR:  Can't delete a provider which is currently in use
SELECT id, provider_name FROM pg_tde_list_all_global_key_providers();
 id | provider_name 
----+---------------
 -1 | file-keyring
 -2 | file-keyring2
(2 rows)

-- works
SELECT pg_tde_delete_global_key_provider('file-keyring2');
 pg_tde_delete_global_key_provider 
-----------------------------------
 
(1 row)

SELECT id, provider_name FROM pg_tde_list_all_global_key_providers();
 id | provider_name 
----+---------------
 -1 | file-keyring
(1 row)

DROP EXTENSION pg_tde;
